2025-09-04 11:36:58.603 --> [ Info ] LogPath： /root/work/monoManage/build-x86/logs

2025-09-04 11:36:58.619 --> [ Info ] LoadDriver Path: Drivers/MIOT.Fagor8070.Driver

2025-09-04 11:36:58.623 --> [ Info ] LoadDriver: MIOT.Fagor8070.Driver  OK

2025-09-04 11:36:58.623 --> [ Info ] LoadDriver Path: Drivers/MIOT.SimensOPCUA.Driver

2025-09-04 11:36:58.636 --> [ Info ] LoadDriver: MIOT.SimensOPCUA.Driver  OK

2025-09-04 11:36:58.636 --> [ Info ] LoadDriver Path: Drivers/MIOT.OpcUaFoundation.Driver

2025-09-04 11:36:58.699 --> [ Info ] LoadDriver: MIOT.OPCUA.Driver  OK

2025-09-04 11:36:58.700 --> [ Info ] LoadDriver Path: Drivers/MIOT.Panasonic.Driver

2025-09-04 11:36:58.700 --> [ Info ] LoadDriver: MIOT.Panasonic.Driver  OK

2025-09-04 11:36:58.700 --> [ Info ] LoadDriver Path: Drivers/MIOT.Modbus.Driver

2025-09-04 11:36:58.702 --> [ Info ] LoadDriver: MIOT.Modbus.Driver  OK

2025-09-04 11:36:58.702 --> [ Info ] LoadDriver Path: Drivers/MIOT.OmronPLC.Driver

2025-09-04 11:36:58.702 --> [ Info ] LoadDriver: MIOT.Omron.Driver  OK

2025-09-04 11:36:58.703 --> [ Info ] LoadDriver Path: Drivers/MIOT.S7.Driver

2025-09-04 11:36:58.703 --> [ Info ] LoadDriver: MIOT.S7.Driver  OK

2025-09-04 11:36:58.703 --> [ Info ] LoadDriver Path: Drivers/MIOT.SimensCNCS7.Driver

2025-09-04 11:36:58.706 --> [ Info ] LoadDriver: MIOT.SimensCNCS7.Driver  OK

2025-09-04 11:36:58.706 --> [ Info ] LoadDriver Path: Drivers/MIOT.ABB.Driver

2025-09-04 11:36:58.714 --> [ Info ] LoadDriver: MIOT.ABB.Driver  OK

2025-09-04 11:36:58.714 --> [ Info ] LoadDriver Path: Drivers/MIOT.Mitsubishi.Driver

2025-09-04 11:36:58.714 --> [ Info ] LoadDriver: MIOT.Mitsubishi.Driver  OK

2025-09-04 11:36:58.714 --> [ Info ] LoadDriver Path: Drivers/MIOT.HansLaserSocket.Driver

2025-09-04 11:36:58.715 --> [ Info ] LoadDriver: MIOT.HansLaserSocket.Driver  OK

2025-09-04 11:36:58.715 --> [ Info ] LoadDriver Path: Drivers/MIOT.FanucRobot.Driver

2025-09-04 11:36:58.724 --> [ Info ] LoadDriver: MIOT.FanucRobot.Driver  OK

2025-09-04 11:36:58.725 --> [ Info ] LoadDriver Path: Drivers/MIOT.DesouttesSocket.Driver

2025-09-04 11:36:58.725 --> [ Info ] LoadDriver: MIOT.DesouttesSocket.Driver  OK

2025-09-04 11:36:58.725 --> [ Info ] LoadDriver Path: Drivers/MIOT.FanucCNCLinux.Driver

2025-09-04 11:36:58.808 --> [ Info ] LoadDriver Path: Drivers/MIOT.AllenBrandly.Driver

2025-09-04 11:36:58.808 --> [ Info ] LoadDriver: MIOT.AllenBrandly.Driver  OK

2025-09-04 11:36:58.809 --> [ Info ] CoreServices Start ./conf/modbus02.json

2025-09-04 11:36:59.174 --> [ Info ] CoreServices Start OK

