The target system is: Linux -  - aarch64
The host system is: Linux - 6.6.87.2-microsoft-standard-WSL2 - aarch64
Compiling the C compiler identification source file "CMakeCCompilerId.c" succeeded.
Compiler: /root/Tool/gcc-aarch64-linux-gnu-7.3/bin/aarch64-linux-gnu-gcc 
Build flags: 
Id flags:  

The output was:
0


Compilation of the C compiler identification source "CMakeCCompilerId.c" produced "a.out"

The C compiler identification is GNU, found in "/root/work/monoManage/build_aarch/CMakeFiles/3.22.1/CompilerIdC/a.out"

Compiling the CXX compiler identification source file "CMakeCXXCompilerId.cpp" succeeded.
Compiler: /root/Tool/gcc-aarch64-linux-gnu-7.3/bin/aarch64-linux-gnu-g++ 
Build flags: 
Id flags:  

The output was:
0


Compilation of the CXX compiler identification source "CMakeCXXCompilerId.cpp" produced "a.out"

The CXX compiler identification is GNU, found in "/root/work/monoManage/build_aarch/CMakeFiles/3.22.1/CompilerIdCXX/a.out"

Detecting C compiler ABI info compiled with the following output:
Change Dir: /root/work/monoManage/build_aarch/CMakeFiles/CMakeTmp

Run Build Command(s):/usr/bin/gmake -f Makefile cmTC_57f28/fast && /usr/bin/gmake  -f CMakeFiles/cmTC_57f28.dir/build.make CMakeFiles/cmTC_57f28.dir/build
gmake[1]: Entering directory '/root/work/monoManage/build_aarch/CMakeFiles/CMakeTmp'
Building C object CMakeFiles/cmTC_57f28.dir/CMakeCCompilerABI.c.o
/root/Tool/gcc-aarch64-linux-gnu-7.3/bin/aarch64-linux-gnu-gcc   -v -o CMakeFiles/cmTC_57f28.dir/CMakeCCompilerABI.c.o -c /usr/share/cmake-3.22/Modules/CMakeCCompilerABI.c
Using built-in specs.
COLLECT_GCC=/root/Tool/gcc-aarch64-linux-gnu-7.3/bin/aarch64-linux-gnu-gcc
Target: aarch64-linux-gnu
Configured with: '/home/tcwg-buildslave/workspace/tcwg-make-release/builder_arch/amd64/label/tcwg-x86_64-build/target/aarch64-linux-gnu/snapshots/gcc.git~linaro-7.3-2018.05/configure' SHELL=/bin/bash --with-mpc=/home/tcwg-buildslave/workspace/tcwg-make-release/builder_arch/amd64/label/tcwg-x86_64-build/target/aarch64-linux-gnu/_build/builds/destdir/x86_64-unknown-linux-gnu --with-mpfr=/home/tcwg-buildslave/workspace/tcwg-make-release/builder_arch/amd64/label/tcwg-x86_64-build/target/aarch64-linux-gnu/_build/builds/destdir/x86_64-unknown-linux-gnu --with-gmp=/home/tcwg-buildslave/workspace/tcwg-make-release/builder_arch/amd64/label/tcwg-x86_64-build/target/aarch64-linux-gnu/_build/builds/destdir/x86_64-unknown-linux-gnu --with-gnu-as --with-gnu-ld --disable-libmudflap --enable-lto --enable-shared --without-included-gettext --enable-nls --with-system-zlib --disable-sjlj-exceptions --enable-gnu-unique-object --enable-linker-build-id --disable-libstdcxx-pch --enable-c99 --enable-clocale=gnu --enable-libstdcxx-debug --enable-long-long --with-cloog=no --with-ppl=no --with-isl=no --disable-multilib --enable-fix-cortex-a53-835769 --enable-fix-cortex-a53-843419 --with-arch=armv8-a --enable-threads=posix --enable-multiarch --enable-libstdcxx-time=yes --enable-gnu-indirect-function --with-build-sysroot=/home/tcwg-buildslave/workspace/tcwg-make-release/builder_arch/amd64/label/tcwg-x86_64-build/target/aarch64-linux-gnu/_build/sysroots/aarch64-linux-gnu --with-sysroot=/home/tcwg-buildslave/workspace/tcwg-make-release/builder_arch/amd64/label/tcwg-x86_64-build/target/aarch64-linux-gnu/_build/builds/destdir/x86_64-unknown-linux-gnu/aarch64-linux-gnu/libc --enable-checking=release --disable-bootstrap --enable-languages=c,c++,fortran,lto --build=x86_64-unknown-linux-gnu --host=x86_64-unknown-linux-gnu --target=aarch64-linux-gnu --prefix=/home/tcwg-buildslave/workspace/tcwg-make-release/builder_arch/amd64/label/tcwg-x86_64-build/target/aarch64-linux-gnu/_build/builds/destdir/x86_64-unknown-linux-gnu
Thread model: posix
gcc version 7.3.1 20180425 [linaro-7.3-2018.05 revision d29120a424ecfbc167ef90065c0eeb7f91977701] (Linaro GCC 7.3-2018.05) 
COLLECT_GCC_OPTIONS='-v' '-o' 'CMakeFiles/cmTC_57f28.dir/CMakeCCompilerABI.c.o' '-c' '-march=armv8-a' '-mlittle-endian' '-mabi=lp64'
 /root/Tool/gcc-aarch64-linux-gnu-7.3/bin/../libexec/gcc/aarch64-linux-gnu/7.3.1/cc1 -quiet -v -imultiarch aarch64-linux-gnu -iprefix /root/Tool/gcc-aarch64-linux-gnu-7.3/bin/../lib/gcc/aarch64-linux-gnu/7.3.1/ -isysroot /root/Tool/gcc-aarch64-linux-gnu-7.3/bin/../aarch64-linux-gnu/libc /usr/share/cmake-3.22/Modules/CMakeCCompilerABI.c -quiet -dumpbase CMakeCCompilerABI.c -march=armv8-a -mlittle-endian -mabi=lp64 -auxbase-strip CMakeFiles/cmTC_57f28.dir/CMakeCCompilerABI.c.o -version -o /tmp/ccaPA0BC.s
GNU C11 (Linaro GCC 7.3-2018.05) version 7.3.1 20180425 [linaro-7.3-2018.05 revision d29120a424ecfbc167ef90065c0eeb7f91977701] (aarch64-linux-gnu)
	compiled by GNU C version 4.8.4, GMP version 6.1.2, MPFR version 3.1.5, MPC version 1.0.3, isl version none
GGC heuristics: --param ggc-min-expand=100 --param ggc-min-heapsize=131072
ignoring duplicate directory "/root/Tool/gcc-aarch64-linux-gnu-7.3/bin/../lib/gcc/../../lib/gcc/aarch64-linux-gnu/7.3.1/include"
ignoring nonexistent directory "/root/Tool/gcc-aarch64-linux-gnu-7.3/bin/../aarch64-linux-gnu/libc/usr/local/include/aarch64-linux-gnu"
ignoring nonexistent directory "/root/Tool/gcc-aarch64-linux-gnu-7.3/bin/../aarch64-linux-gnu/libc/usr/local/include"
ignoring duplicate directory "/root/Tool/gcc-aarch64-linux-gnu-7.3/bin/../lib/gcc/../../lib/gcc/aarch64-linux-gnu/7.3.1/include-fixed"
ignoring duplicate directory "/root/Tool/gcc-aarch64-linux-gnu-7.3/bin/../lib/gcc/../../lib/gcc/aarch64-linux-gnu/7.3.1/../../../../aarch64-linux-gnu/include"
ignoring nonexistent directory "/root/Tool/gcc-aarch64-linux-gnu-7.3/bin/../aarch64-linux-gnu/libc/usr/include/aarch64-linux-gnu"
#include "..." search starts here:
#include <...> search starts here:
 /root/Tool/gcc-aarch64-linux-gnu-7.3/bin/../lib/gcc/aarch64-linux-gnu/7.3.1/include
 /root/Tool/gcc-aarch64-linux-gnu-7.3/bin/../lib/gcc/aarch64-linux-gnu/7.3.1/include-fixed
 /root/Tool/gcc-aarch64-linux-gnu-7.3/bin/../lib/gcc/aarch64-linux-gnu/7.3.1/../../../../aarch64-linux-gnu/include
 /root/Tool/gcc-aarch64-linux-gnu-7.3/bin/../aarch64-linux-gnu/libc/usr/include
End of search list.
GNU C11 (Linaro GCC 7.3-2018.05) version 7.3.1 20180425 [linaro-7.3-2018.05 revision d29120a424ecfbc167ef90065c0eeb7f91977701] (aarch64-linux-gnu)
	compiled by GNU C version 4.8.4, GMP version 6.1.2, MPFR version 3.1.5, MPC version 1.0.3, isl version none
GGC heuristics: --param ggc-min-expand=100 --param ggc-min-heapsize=131072
Compiler executable checksum: feec774fd8ac1eade5531d3baf102147
COLLECT_GCC_OPTIONS='-v' '-o' 'CMakeFiles/cmTC_57f28.dir/CMakeCCompilerABI.c.o' '-c' '-march=armv8-a' '-mlittle-endian' '-mabi=lp64'
 /root/Tool/gcc-aarch64-linux-gnu-7.3/bin/../lib/gcc/aarch64-linux-gnu/7.3.1/../../../../aarch64-linux-gnu/bin/as -v -EL -march=armv8-a -mabi=lp64 -o CMakeFiles/cmTC_57f28.dir/CMakeCCompilerABI.c.o /tmp/ccaPA0BC.s
GNU assembler version 2.28.2 (aarch64-linux-gnu) using BFD version (Linaro_Binutils-2018.05) 2.28.2.20170706
COMPILER_PATH=/root/Tool/gcc-aarch64-linux-gnu-7.3/bin/../libexec/gcc/aarch64-linux-gnu/7.3.1/:/root/Tool/gcc-aarch64-linux-gnu-7.3/bin/../libexec/gcc/aarch64-linux-gnu/:/root/Tool/gcc-aarch64-linux-gnu-7.3/bin/../libexec/gcc/:/root/Tool/gcc-aarch64-linux-gnu-7.3/bin/../lib/gcc/aarch64-linux-gnu/7.3.1/../../../../aarch64-linux-gnu/bin/
LIBRARY_PATH=/root/Tool/gcc-aarch64-linux-gnu-7.3/bin/../lib/gcc/aarch64-linux-gnu/7.3.1/:/root/Tool/gcc-aarch64-linux-gnu-7.3/bin/../lib/gcc/aarch64-linux-gnu/:/root/Tool/gcc-aarch64-linux-gnu-7.3/bin/../lib/gcc/:/root/Tool/gcc-aarch64-linux-gnu-7.3/bin/../lib/gcc/aarch64-linux-gnu/7.3.1/../../../../aarch64-linux-gnu/lib/../lib64/:/root/Tool/gcc-aarch64-linux-gnu-7.3/bin/../lib/gcc/aarch64-linux-gnu/7.3.1/../../../../aarch64-linux-gnu/lib/:/root/Tool/gcc-aarch64-linux-gnu-7.3/bin/../aarch64-linux-gnu/libc/lib/:/root/Tool/gcc-aarch64-linux-gnu-7.3/bin/../aarch64-linux-gnu/libc/usr/lib/
COLLECT_GCC_OPTIONS='-v' '-o' 'CMakeFiles/cmTC_57f28.dir/CMakeCCompilerABI.c.o' '-c' '-march=armv8-a' '-mlittle-endian' '-mabi=lp64'
Linking C executable cmTC_57f28
/usr/bin/cmake -E cmake_link_script CMakeFiles/cmTC_57f28.dir/link.txt --verbose=1
/root/Tool/gcc-aarch64-linux-gnu-7.3/bin/aarch64-linux-gnu-gcc  -v CMakeFiles/cmTC_57f28.dir/CMakeCCompilerABI.c.o -o cmTC_57f28 
Using built-in specs.
COLLECT_GCC=/root/Tool/gcc-aarch64-linux-gnu-7.3/bin/aarch64-linux-gnu-gcc
COLLECT_LTO_WRAPPER=/root/Tool/gcc-aarch64-linux-gnu-7.3/bin/../libexec/gcc/aarch64-linux-gnu/7.3.1/lto-wrapper
Target: aarch64-linux-gnu
Configured with: '/home/tcwg-buildslave/workspace/tcwg-make-release/builder_arch/amd64/label/tcwg-x86_64-build/target/aarch64-linux-gnu/snapshots/gcc.git~linaro-7.3-2018.05/configure' SHELL=/bin/bash --with-mpc=/home/tcwg-buildslave/workspace/tcwg-make-release/builder_arch/amd64/label/tcwg-x86_64-build/target/aarch64-linux-gnu/_build/builds/destdir/x86_64-unknown-linux-gnu --with-mpfr=/home/tcwg-buildslave/workspace/tcwg-make-release/builder_arch/amd64/label/tcwg-x86_64-build/target/aarch64-linux-gnu/_build/builds/destdir/x86_64-unknown-linux-gnu --with-gmp=/home/tcwg-buildslave/workspace/tcwg-make-release/builder_arch/amd64/label/tcwg-x86_64-build/target/aarch64-linux-gnu/_build/builds/destdir/x86_64-unknown-linux-gnu --with-gnu-as --with-gnu-ld --disable-libmudflap --enable-lto --enable-shared --without-included-gettext --enable-nls --with-system-zlib --disable-sjlj-exceptions --enable-gnu-unique-object --enable-linker-build-id --disable-libstdcxx-pch --enable-c99 --enable-clocale=gnu --enable-libstdcxx-debug --enable-long-long --with-cloog=no --with-ppl=no --with-isl=no --disable-multilib --enable-fix-cortex-a53-835769 --enable-fix-cortex-a53-843419 --with-arch=armv8-a --enable-threads=posix --enable-multiarch --enable-libstdcxx-time=yes --enable-gnu-indirect-function --with-build-sysroot=/home/tcwg-buildslave/workspace/tcwg-make-release/builder_arch/amd64/label/tcwg-x86_64-build/target/aarch64-linux-gnu/_build/sysroots/aarch64-linux-gnu --with-sysroot=/home/tcwg-buildslave/workspace/tcwg-make-release/builder_arch/amd64/label/tcwg-x86_64-build/target/aarch64-linux-gnu/_build/builds/destdir/x86_64-unknown-linux-gnu/aarch64-linux-gnu/libc --enable-checking=release --disable-bootstrap --enable-languages=c,c++,fortran,lto --build=x86_64-unknown-linux-gnu --host=x86_64-unknown-linux-gnu --target=aarch64-linux-gnu --prefix=/home/tcwg-buildslave/workspace/tcwg-make-release/builder_arch/amd64/label/tcwg-x86_64-build/target/aarch64-linux-gnu/_build/builds/destdir/x86_64-unknown-linux-gnu
Thread model: posix
gcc version 7.3.1 20180425 [linaro-7.3-2018.05 revision d29120a424ecfbc167ef90065c0eeb7f91977701] (Linaro GCC 7.3-2018.05) 
COMPILER_PATH=/root/Tool/gcc-aarch64-linux-gnu-7.3/bin/../libexec/gcc/aarch64-linux-gnu/7.3.1/:/root/Tool/gcc-aarch64-linux-gnu-7.3/bin/../libexec/gcc/aarch64-linux-gnu/:/root/Tool/gcc-aarch64-linux-gnu-7.3/bin/../libexec/gcc/:/root/Tool/gcc-aarch64-linux-gnu-7.3/bin/../lib/gcc/aarch64-linux-gnu/7.3.1/../../../../aarch64-linux-gnu/bin/
LIBRARY_PATH=/root/Tool/gcc-aarch64-linux-gnu-7.3/bin/../lib/gcc/aarch64-linux-gnu/7.3.1/:/root/Tool/gcc-aarch64-linux-gnu-7.3/bin/../lib/gcc/aarch64-linux-gnu/:/root/Tool/gcc-aarch64-linux-gnu-7.3/bin/../lib/gcc/:/root/Tool/gcc-aarch64-linux-gnu-7.3/bin/../lib/gcc/aarch64-linux-gnu/7.3.1/../../../../aarch64-linux-gnu/lib/../lib64/:/root/Tool/gcc-aarch64-linux-gnu-7.3/bin/../lib/gcc/aarch64-linux-gnu/7.3.1/../../../../aarch64-linux-gnu/lib/:/root/Tool/gcc-aarch64-linux-gnu-7.3/bin/../aarch64-linux-gnu/libc/lib/:/root/Tool/gcc-aarch64-linux-gnu-7.3/bin/../aarch64-linux-gnu/libc/usr/lib/
COLLECT_GCC_OPTIONS='-v' '-o' 'cmTC_57f28' '-march=armv8-a' '-mlittle-endian' '-mabi=lp64'
 /root/Tool/gcc-aarch64-linux-gnu-7.3/bin/../libexec/gcc/aarch64-linux-gnu/7.3.1/collect2 -plugin /root/Tool/gcc-aarch64-linux-gnu-7.3/bin/../libexec/gcc/aarch64-linux-gnu/7.3.1/liblto_plugin.so -plugin-opt=/root/Tool/gcc-aarch64-linux-gnu-7.3/bin/../libexec/gcc/aarch64-linux-gnu/7.3.1/lto-wrapper -plugin-opt=-fresolution=/tmp/ccztz7Ga.res -plugin-opt=-pass-through=-lgcc -plugin-opt=-pass-through=-lgcc_s -plugin-opt=-pass-through=-lc -plugin-opt=-pass-through=-lgcc -plugin-opt=-pass-through=-lgcc_s --sysroot=/root/Tool/gcc-aarch64-linux-gnu-7.3/bin/../aarch64-linux-gnu/libc --build-id --eh-frame-hdr -dynamic-linker /lib/ld-linux-aarch64.so.1 -X -EL -maarch64linux --fix-cortex-a53-835769 --fix-cortex-a53-843419 -o cmTC_57f28 /root/Tool/gcc-aarch64-linux-gnu-7.3/bin/../aarch64-linux-gnu/libc/usr/lib/crt1.o /root/Tool/gcc-aarch64-linux-gnu-7.3/bin/../aarch64-linux-gnu/libc/usr/lib/crti.o /root/Tool/gcc-aarch64-linux-gnu-7.3/bin/../lib/gcc/aarch64-linux-gnu/7.3.1/crtbegin.o -L/root/Tool/gcc-aarch64-linux-gnu-7.3/bin/../lib/gcc/aarch64-linux-gnu/7.3.1 -L/root/Tool/gcc-aarch64-linux-gnu-7.3/bin/../lib/gcc/aarch64-linux-gnu -L/root/Tool/gcc-aarch64-linux-gnu-7.3/bin/../lib/gcc -L/root/Tool/gcc-aarch64-linux-gnu-7.3/bin/../lib/gcc/aarch64-linux-gnu/7.3.1/../../../../aarch64-linux-gnu/lib/../lib64 -L/root/Tool/gcc-aarch64-linux-gnu-7.3/bin/../lib/gcc/aarch64-linux-gnu/7.3.1/../../../../aarch64-linux-gnu/lib -L/root/Tool/gcc-aarch64-linux-gnu-7.3/bin/../aarch64-linux-gnu/libc/lib -L/root/Tool/gcc-aarch64-linux-gnu-7.3/bin/../aarch64-linux-gnu/libc/usr/lib CMakeFiles/cmTC_57f28.dir/CMakeCCompilerABI.c.o -lgcc --as-needed -lgcc_s --no-as-needed -lc -lgcc --as-needed -lgcc_s --no-as-needed /root/Tool/gcc-aarch64-linux-gnu-7.3/bin/../lib/gcc/aarch64-linux-gnu/7.3.1/crtend.o /root/Tool/gcc-aarch64-linux-gnu-7.3/bin/../aarch64-linux-gnu/libc/usr/lib/crtn.o
COLLECT_GCC_OPTIONS='-v' '-o' 'cmTC_57f28' '-march=armv8-a' '-mlittle-endian' '-mabi=lp64'
gmake[1]: Leaving directory '/root/work/monoManage/build_aarch/CMakeFiles/CMakeTmp'



Parsed C implicit include dir info from above output: rv=done
  found start of include info
  found start of implicit include info
    add: [/root/Tool/gcc-aarch64-linux-gnu-7.3/bin/../lib/gcc/aarch64-linux-gnu/7.3.1/include]
    add: [/root/Tool/gcc-aarch64-linux-gnu-7.3/bin/../lib/gcc/aarch64-linux-gnu/7.3.1/include-fixed]
    add: [/root/Tool/gcc-aarch64-linux-gnu-7.3/bin/../lib/gcc/aarch64-linux-gnu/7.3.1/../../../../aarch64-linux-gnu/include]
    add: [/root/Tool/gcc-aarch64-linux-gnu-7.3/bin/../aarch64-linux-gnu/libc/usr/include]
  end of search list found
  collapse include dir [/root/Tool/gcc-aarch64-linux-gnu-7.3/bin/../lib/gcc/aarch64-linux-gnu/7.3.1/include] ==> [/root/Tool/gcc-aarch64-linux-gnu-7.3/lib/gcc/aarch64-linux-gnu/7.3.1/include]
  collapse include dir [/root/Tool/gcc-aarch64-linux-gnu-7.3/bin/../lib/gcc/aarch64-linux-gnu/7.3.1/include-fixed] ==> [/root/Tool/gcc-aarch64-linux-gnu-7.3/lib/gcc/aarch64-linux-gnu/7.3.1/include-fixed]
  collapse include dir [/root/Tool/gcc-aarch64-linux-gnu-7.3/bin/../lib/gcc/aarch64-linux-gnu/7.3.1/../../../../aarch64-linux-gnu/include] ==> [/root/Tool/gcc-aarch64-linux-gnu-7.3/aarch64-linux-gnu/include]
  collapse include dir [/root/Tool/gcc-aarch64-linux-gnu-7.3/bin/../aarch64-linux-gnu/libc/usr/include] ==> [/root/Tool/gcc-aarch64-linux-gnu-7.3/aarch64-linux-gnu/libc/usr/include]
  implicit include dirs: [/root/Tool/gcc-aarch64-linux-gnu-7.3/lib/gcc/aarch64-linux-gnu/7.3.1/include;/root/Tool/gcc-aarch64-linux-gnu-7.3/lib/gcc/aarch64-linux-gnu/7.3.1/include-fixed;/root/Tool/gcc-aarch64-linux-gnu-7.3/aarch64-linux-gnu/include;/root/Tool/gcc-aarch64-linux-gnu-7.3/aarch64-linux-gnu/libc/usr/include]


Parsed C implicit link information from above output:
  link line regex: [^( *|.*[/\])(aarch64-linux-gnu-ld|CMAKE_LINK_STARTFILE-NOTFOUND|([^/\]+-)?ld|collect2)[^/\]*( |$)]
  ignore line: [Change Dir: /root/work/monoManage/build_aarch/CMakeFiles/CMakeTmp]
  ignore line: []
  ignore line: [Run Build Command(s):/usr/bin/gmake -f Makefile cmTC_57f28/fast && /usr/bin/gmake  -f CMakeFiles/cmTC_57f28.dir/build.make CMakeFiles/cmTC_57f28.dir/build]
  ignore line: [gmake[1]: Entering directory '/root/work/monoManage/build_aarch/CMakeFiles/CMakeTmp']
  ignore line: [Building C object CMakeFiles/cmTC_57f28.dir/CMakeCCompilerABI.c.o]
  ignore line: [/root/Tool/gcc-aarch64-linux-gnu-7.3/bin/aarch64-linux-gnu-gcc   -v -o CMakeFiles/cmTC_57f28.dir/CMakeCCompilerABI.c.o -c /usr/share/cmake-3.22/Modules/CMakeCCompilerABI.c]
  ignore line: [Using built-in specs.]
  ignore line: [COLLECT_GCC=/root/Tool/gcc-aarch64-linux-gnu-7.3/bin/aarch64-linux-gnu-gcc]
  ignore line: [Target: aarch64-linux-gnu]
  ignore line: [Configured with: '/home/tcwg-buildslave/workspace/tcwg-make-release/builder_arch/amd64/label/tcwg-x86_64-build/target/aarch64-linux-gnu/snapshots/gcc.git~linaro-7.3-2018.05/configure' SHELL=/bin/bash --with-mpc=/home/tcwg-buildslave/workspace/tcwg-make-release/builder_arch/amd64/label/tcwg-x86_64-build/target/aarch64-linux-gnu/_build/builds/destdir/x86_64-unknown-linux-gnu --with-mpfr=/home/tcwg-buildslave/workspace/tcwg-make-release/builder_arch/amd64/label/tcwg-x86_64-build/target/aarch64-linux-gnu/_build/builds/destdir/x86_64-unknown-linux-gnu --with-gmp=/home/tcwg-buildslave/workspace/tcwg-make-release/builder_arch/amd64/label/tcwg-x86_64-build/target/aarch64-linux-gnu/_build/builds/destdir/x86_64-unknown-linux-gnu --with-gnu-as --with-gnu-ld --disable-libmudflap --enable-lto --enable-shared --without-included-gettext --enable-nls --with-system-zlib --disable-sjlj-exceptions --enable-gnu-unique-object --enable-linker-build-id --disable-libstdcxx-pch --enable-c99 --enable-clocale=gnu --enable-libstdcxx-debug --enable-long-long --with-cloog=no --with-ppl=no --with-isl=no --disable-multilib --enable-fix-cortex-a53-835769 --enable-fix-cortex-a53-843419 --with-arch=armv8-a --enable-threads=posix --enable-multiarch --enable-libstdcxx-time=yes --enable-gnu-indirect-function --with-build-sysroot=/home/tcwg-buildslave/workspace/tcwg-make-release/builder_arch/amd64/label/tcwg-x86_64-build/target/aarch64-linux-gnu/_build/sysroots/aarch64-linux-gnu --with-sysroot=/home/tcwg-buildslave/workspace/tcwg-make-release/builder_arch/amd64/label/tcwg-x86_64-build/target/aarch64-linux-gnu/_build/builds/destdir/x86_64-unknown-linux-gnu/aarch64-linux-gnu/libc --enable-checking=release --disable-bootstrap --enable-languages=c,c++,fortran,lto --build=x86_64-unknown-linux-gnu --host=x86_64-unknown-linux-gnu --target=aarch64-linux-gnu --prefix=/home/tcwg-buildslave/workspace/tcwg-make-release/builder_arch/amd64/label/tcwg-x86_64-build/target/aarch64-linux-gnu/_build/builds/destdir/x86_64-unknown-linux-gnu]
  ignore line: [Thread model: posix]
  ignore line: [gcc version 7.3.1 20180425 [linaro-7.3-2018.05 revision d29120a424ecfbc167ef90065c0eeb7f91977701] (Linaro GCC 7.3-2018.05) ]
  ignore line: [COLLECT_GCC_OPTIONS='-v' '-o' 'CMakeFiles/cmTC_57f28.dir/CMakeCCompilerABI.c.o' '-c' '-march=armv8-a' '-mlittle-endian' '-mabi=lp64']
  ignore line: [ /root/Tool/gcc-aarch64-linux-gnu-7.3/bin/../libexec/gcc/aarch64-linux-gnu/7.3.1/cc1 -quiet -v -imultiarch aarch64-linux-gnu -iprefix /root/Tool/gcc-aarch64-linux-gnu-7.3/bin/../lib/gcc/aarch64-linux-gnu/7.3.1/ -isysroot /root/Tool/gcc-aarch64-linux-gnu-7.3/bin/../aarch64-linux-gnu/libc /usr/share/cmake-3.22/Modules/CMakeCCompilerABI.c -quiet -dumpbase CMakeCCompilerABI.c -march=armv8-a -mlittle-endian -mabi=lp64 -auxbase-strip CMakeFiles/cmTC_57f28.dir/CMakeCCompilerABI.c.o -version -o /tmp/ccaPA0BC.s]
  ignore line: [GNU C11 (Linaro GCC 7.3-2018.05) version 7.3.1 20180425 [linaro-7.3-2018.05 revision d29120a424ecfbc167ef90065c0eeb7f91977701] (aarch64-linux-gnu)]
  ignore line: [	compiled by GNU C version 4.8.4  GMP version 6.1.2  MPFR version 3.1.5  MPC version 1.0.3  isl version none]
  ignore line: [GGC heuristics: --param ggc-min-expand=100 --param ggc-min-heapsize=131072]
  ignore line: [ignoring duplicate directory "/root/Tool/gcc-aarch64-linux-gnu-7.3/bin/../lib/gcc/../../lib/gcc/aarch64-linux-gnu/7.3.1/include"]
  ignore line: [ignoring nonexistent directory "/root/Tool/gcc-aarch64-linux-gnu-7.3/bin/../aarch64-linux-gnu/libc/usr/local/include/aarch64-linux-gnu"]
  ignore line: [ignoring nonexistent directory "/root/Tool/gcc-aarch64-linux-gnu-7.3/bin/../aarch64-linux-gnu/libc/usr/local/include"]
  ignore line: [ignoring duplicate directory "/root/Tool/gcc-aarch64-linux-gnu-7.3/bin/../lib/gcc/../../lib/gcc/aarch64-linux-gnu/7.3.1/include-fixed"]
  ignore line: [ignoring duplicate directory "/root/Tool/gcc-aarch64-linux-gnu-7.3/bin/../lib/gcc/../../lib/gcc/aarch64-linux-gnu/7.3.1/../../../../aarch64-linux-gnu/include"]
  ignore line: [ignoring nonexistent directory "/root/Tool/gcc-aarch64-linux-gnu-7.3/bin/../aarch64-linux-gnu/libc/usr/include/aarch64-linux-gnu"]
  ignore line: [#include "..." search starts here:]
  ignore line: [#include <...> search starts here:]
  ignore line: [ /root/Tool/gcc-aarch64-linux-gnu-7.3/bin/../lib/gcc/aarch64-linux-gnu/7.3.1/include]
  ignore line: [ /root/Tool/gcc-aarch64-linux-gnu-7.3/bin/../lib/gcc/aarch64-linux-gnu/7.3.1/include-fixed]
  ignore line: [ /root/Tool/gcc-aarch64-linux-gnu-7.3/bin/../lib/gcc/aarch64-linux-gnu/7.3.1/../../../../aarch64-linux-gnu/include]
  ignore line: [ /root/Tool/gcc-aarch64-linux-gnu-7.3/bin/../aarch64-linux-gnu/libc/usr/include]
  ignore line: [End of search list.]
  ignore line: [GNU C11 (Linaro GCC 7.3-2018.05) version 7.3.1 20180425 [linaro-7.3-2018.05 revision d29120a424ecfbc167ef90065c0eeb7f91977701] (aarch64-linux-gnu)]
  ignore line: [	compiled by GNU C version 4.8.4  GMP version 6.1.2  MPFR version 3.1.5  MPC version 1.0.3  isl version none]
  ignore line: [GGC heuristics: --param ggc-min-expand=100 --param ggc-min-heapsize=131072]
  ignore line: [Compiler executable checksum: feec774fd8ac1eade5531d3baf102147]
  ignore line: [COLLECT_GCC_OPTIONS='-v' '-o' 'CMakeFiles/cmTC_57f28.dir/CMakeCCompilerABI.c.o' '-c' '-march=armv8-a' '-mlittle-endian' '-mabi=lp64']
  ignore line: [ /root/Tool/gcc-aarch64-linux-gnu-7.3/bin/../lib/gcc/aarch64-linux-gnu/7.3.1/../../../../aarch64-linux-gnu/bin/as -v -EL -march=armv8-a -mabi=lp64 -o CMakeFiles/cmTC_57f28.dir/CMakeCCompilerABI.c.o /tmp/ccaPA0BC.s]
  ignore line: [GNU assembler version 2.28.2 (aarch64-linux-gnu) using BFD version (Linaro_Binutils-2018.05) 2.28.2.20170706]
  ignore line: [COMPILER_PATH=/root/Tool/gcc-aarch64-linux-gnu-7.3/bin/../libexec/gcc/aarch64-linux-gnu/7.3.1/:/root/Tool/gcc-aarch64-linux-gnu-7.3/bin/../libexec/gcc/aarch64-linux-gnu/:/root/Tool/gcc-aarch64-linux-gnu-7.3/bin/../libexec/gcc/:/root/Tool/gcc-aarch64-linux-gnu-7.3/bin/../lib/gcc/aarch64-linux-gnu/7.3.1/../../../../aarch64-linux-gnu/bin/]
  ignore line: [LIBRARY_PATH=/root/Tool/gcc-aarch64-linux-gnu-7.3/bin/../lib/gcc/aarch64-linux-gnu/7.3.1/:/root/Tool/gcc-aarch64-linux-gnu-7.3/bin/../lib/gcc/aarch64-linux-gnu/:/root/Tool/gcc-aarch64-linux-gnu-7.3/bin/../lib/gcc/:/root/Tool/gcc-aarch64-linux-gnu-7.3/bin/../lib/gcc/aarch64-linux-gnu/7.3.1/../../../../aarch64-linux-gnu/lib/../lib64/:/root/Tool/gcc-aarch64-linux-gnu-7.3/bin/../lib/gcc/aarch64-linux-gnu/7.3.1/../../../../aarch64-linux-gnu/lib/:/root/Tool/gcc-aarch64-linux-gnu-7.3/bin/../aarch64-linux-gnu/libc/lib/:/root/Tool/gcc-aarch64-linux-gnu-7.3/bin/../aarch64-linux-gnu/libc/usr/lib/]
  ignore line: [COLLECT_GCC_OPTIONS='-v' '-o' 'CMakeFiles/cmTC_57f28.dir/CMakeCCompilerABI.c.o' '-c' '-march=armv8-a' '-mlittle-endian' '-mabi=lp64']
  ignore line: [Linking C executable cmTC_57f28]
  ignore line: [/usr/bin/cmake -E cmake_link_script CMakeFiles/cmTC_57f28.dir/link.txt --verbose=1]
  ignore line: [/root/Tool/gcc-aarch64-linux-gnu-7.3/bin/aarch64-linux-gnu-gcc  -v CMakeFiles/cmTC_57f28.dir/CMakeCCompilerABI.c.o -o cmTC_57f28 ]
  ignore line: [Using built-in specs.]
  ignore line: [COLLECT_GCC=/root/Tool/gcc-aarch64-linux-gnu-7.3/bin/aarch64-linux-gnu-gcc]
  ignore line: [COLLECT_LTO_WRAPPER=/root/Tool/gcc-aarch64-linux-gnu-7.3/bin/../libexec/gcc/aarch64-linux-gnu/7.3.1/lto-wrapper]
  ignore line: [Target: aarch64-linux-gnu]
  ignore line: [Configured with: '/home/tcwg-buildslave/workspace/tcwg-make-release/builder_arch/amd64/label/tcwg-x86_64-build/target/aarch64-linux-gnu/snapshots/gcc.git~linaro-7.3-2018.05/configure' SHELL=/bin/bash --with-mpc=/home/tcwg-buildslave/workspace/tcwg-make-release/builder_arch/amd64/label/tcwg-x86_64-build/target/aarch64-linux-gnu/_build/builds/destdir/x86_64-unknown-linux-gnu --with-mpfr=/home/tcwg-buildslave/workspace/tcwg-make-release/builder_arch/amd64/label/tcwg-x86_64-build/target/aarch64-linux-gnu/_build/builds/destdir/x86_64-unknown-linux-gnu --with-gmp=/home/tcwg-buildslave/workspace/tcwg-make-release/builder_arch/amd64/label/tcwg-x86_64-build/target/aarch64-linux-gnu/_build/builds/destdir/x86_64-unknown-linux-gnu --with-gnu-as --with-gnu-ld --disable-libmudflap --enable-lto --enable-shared --without-included-gettext --enable-nls --with-system-zlib --disable-sjlj-exceptions --enable-gnu-unique-object --enable-linker-build-id --disable-libstdcxx-pch --enable-c99 --enable-clocale=gnu --enable-libstdcxx-debug --enable-long-long --with-cloog=no --with-ppl=no --with-isl=no --disable-multilib --enable-fix-cortex-a53-835769 --enable-fix-cortex-a53-843419 --with-arch=armv8-a --enable-threads=posix --enable-multiarch --enable-libstdcxx-time=yes --enable-gnu-indirect-function --with-build-sysroot=/home/tcwg-buildslave/workspace/tcwg-make-release/builder_arch/amd64/label/tcwg-x86_64-build/target/aarch64-linux-gnu/_build/sysroots/aarch64-linux-gnu --with-sysroot=/home/tcwg-buildslave/workspace/tcwg-make-release/builder_arch/amd64/label/tcwg-x86_64-build/target/aarch64-linux-gnu/_build/builds/destdir/x86_64-unknown-linux-gnu/aarch64-linux-gnu/libc --enable-checking=release --disable-bootstrap --enable-languages=c,c++,fortran,lto --build=x86_64-unknown-linux-gnu --host=x86_64-unknown-linux-gnu --target=aarch64-linux-gnu --prefix=/home/tcwg-buildslave/workspace/tcwg-make-release/builder_arch/amd64/label/tcwg-x86_64-build/target/aarch64-linux-gnu/_build/builds/destdir/x86_64-unknown-linux-gnu]
  ignore line: [Thread model: posix]
  ignore line: [gcc version 7.3.1 20180425 [linaro-7.3-2018.05 revision d29120a424ecfbc167ef90065c0eeb7f91977701] (Linaro GCC 7.3-2018.05) ]
  ignore line: [COMPILER_PATH=/root/Tool/gcc-aarch64-linux-gnu-7.3/bin/../libexec/gcc/aarch64-linux-gnu/7.3.1/:/root/Tool/gcc-aarch64-linux-gnu-7.3/bin/../libexec/gcc/aarch64-linux-gnu/:/root/Tool/gcc-aarch64-linux-gnu-7.3/bin/../libexec/gcc/:/root/Tool/gcc-aarch64-linux-gnu-7.3/bin/../lib/gcc/aarch64-linux-gnu/7.3.1/../../../../aarch64-linux-gnu/bin/]
  ignore line: [LIBRARY_PATH=/root/Tool/gcc-aarch64-linux-gnu-7.3/bin/../lib/gcc/aarch64-linux-gnu/7.3.1/:/root/Tool/gcc-aarch64-linux-gnu-7.3/bin/../lib/gcc/aarch64-linux-gnu/:/root/Tool/gcc-aarch64-linux-gnu-7.3/bin/../lib/gcc/:/root/Tool/gcc-aarch64-linux-gnu-7.3/bin/../lib/gcc/aarch64-linux-gnu/7.3.1/../../../../aarch64-linux-gnu/lib/../lib64/:/root/Tool/gcc-aarch64-linux-gnu-7.3/bin/../lib/gcc/aarch64-linux-gnu/7.3.1/../../../../aarch64-linux-gnu/lib/:/root/Tool/gcc-aarch64-linux-gnu-7.3/bin/../aarch64-linux-gnu/libc/lib/:/root/Tool/gcc-aarch64-linux-gnu-7.3/bin/../aarch64-linux-gnu/libc/usr/lib/]
  ignore line: [COLLECT_GCC_OPTIONS='-v' '-o' 'cmTC_57f28' '-march=armv8-a' '-mlittle-endian' '-mabi=lp64']
  link line: [ /root/Tool/gcc-aarch64-linux-gnu-7.3/bin/../libexec/gcc/aarch64-linux-gnu/7.3.1/collect2 -plugin /root/Tool/gcc-aarch64-linux-gnu-7.3/bin/../libexec/gcc/aarch64-linux-gnu/7.3.1/liblto_plugin.so -plugin-opt=/root/Tool/gcc-aarch64-linux-gnu-7.3/bin/../libexec/gcc/aarch64-linux-gnu/7.3.1/lto-wrapper -plugin-opt=-fresolution=/tmp/ccztz7Ga.res -plugin-opt=-pass-through=-lgcc -plugin-opt=-pass-through=-lgcc_s -plugin-opt=-pass-through=-lc -plugin-opt=-pass-through=-lgcc -plugin-opt=-pass-through=-lgcc_s --sysroot=/root/Tool/gcc-aarch64-linux-gnu-7.3/bin/../aarch64-linux-gnu/libc --build-id --eh-frame-hdr -dynamic-linker /lib/ld-linux-aarch64.so.1 -X -EL -maarch64linux --fix-cortex-a53-835769 --fix-cortex-a53-843419 -o cmTC_57f28 /root/Tool/gcc-aarch64-linux-gnu-7.3/bin/../aarch64-linux-gnu/libc/usr/lib/crt1.o /root/Tool/gcc-aarch64-linux-gnu-7.3/bin/../aarch64-linux-gnu/libc/usr/lib/crti.o /root/Tool/gcc-aarch64-linux-gnu-7.3/bin/../lib/gcc/aarch64-linux-gnu/7.3.1/crtbegin.o -L/root/Tool/gcc-aarch64-linux-gnu-7.3/bin/../lib/gcc/aarch64-linux-gnu/7.3.1 -L/root/Tool/gcc-aarch64-linux-gnu-7.3/bin/../lib/gcc/aarch64-linux-gnu -L/root/Tool/gcc-aarch64-linux-gnu-7.3/bin/../lib/gcc -L/root/Tool/gcc-aarch64-linux-gnu-7.3/bin/../lib/gcc/aarch64-linux-gnu/7.3.1/../../../../aarch64-linux-gnu/lib/../lib64 -L/root/Tool/gcc-aarch64-linux-gnu-7.3/bin/../lib/gcc/aarch64-linux-gnu/7.3.1/../../../../aarch64-linux-gnu/lib -L/root/Tool/gcc-aarch64-linux-gnu-7.3/bin/../aarch64-linux-gnu/libc/lib -L/root/Tool/gcc-aarch64-linux-gnu-7.3/bin/../aarch64-linux-gnu/libc/usr/lib CMakeFiles/cmTC_57f28.dir/CMakeCCompilerABI.c.o -lgcc --as-needed -lgcc_s --no-as-needed -lc -lgcc --as-needed -lgcc_s --no-as-needed /root/Tool/gcc-aarch64-linux-gnu-7.3/bin/../lib/gcc/aarch64-linux-gnu/7.3.1/crtend.o /root/Tool/gcc-aarch64-linux-gnu-7.3/bin/../aarch64-linux-gnu/libc/usr/lib/crtn.o]
    arg [/root/Tool/gcc-aarch64-linux-gnu-7.3/bin/../libexec/gcc/aarch64-linux-gnu/7.3.1/collect2] ==> ignore
    arg [-plugin] ==> ignore
    arg [/root/Tool/gcc-aarch64-linux-gnu-7.3/bin/../libexec/gcc/aarch64-linux-gnu/7.3.1/liblto_plugin.so] ==> ignore
    arg [-plugin-opt=/root/Tool/gcc-aarch64-linux-gnu-7.3/bin/../libexec/gcc/aarch64-linux-gnu/7.3.1/lto-wrapper] ==> ignore
    arg [-plugin-opt=-fresolution=/tmp/ccztz7Ga.res] ==> ignore
    arg [-plugin-opt=-pass-through=-lgcc] ==> ignore
    arg [-plugin-opt=-pass-through=-lgcc_s] ==> ignore
    arg [-plugin-opt=-pass-through=-lc] ==> ignore
    arg [-plugin-opt=-pass-through=-lgcc] ==> ignore
    arg [-plugin-opt=-pass-through=-lgcc_s] ==> ignore
    arg [--sysroot=/root/Tool/gcc-aarch64-linux-gnu-7.3/bin/../aarch64-linux-gnu/libc] ==> ignore
    arg [--build-id] ==> ignore
    arg [--eh-frame-hdr] ==> ignore
    arg [-dynamic-linker] ==> ignore
    arg [/lib/ld-linux-aarch64.so.1] ==> ignore
    arg [-X] ==> ignore
    arg [-EL] ==> ignore
    arg [-maarch64linux] ==> ignore
    arg [--fix-cortex-a53-835769] ==> ignore
    arg [--fix-cortex-a53-843419] ==> ignore
    arg [-o] ==> ignore
    arg [cmTC_57f28] ==> ignore
    arg [/root/Tool/gcc-aarch64-linux-gnu-7.3/bin/../aarch64-linux-gnu/libc/usr/lib/crt1.o] ==> obj [/root/Tool/gcc-aarch64-linux-gnu-7.3/bin/../aarch64-linux-gnu/libc/usr/lib/crt1.o]
    arg [/root/Tool/gcc-aarch64-linux-gnu-7.3/bin/../aarch64-linux-gnu/libc/usr/lib/crti.o] ==> obj [/root/Tool/gcc-aarch64-linux-gnu-7.3/bin/../aarch64-linux-gnu/libc/usr/lib/crti.o]
    arg [/root/Tool/gcc-aarch64-linux-gnu-7.3/bin/../lib/gcc/aarch64-linux-gnu/7.3.1/crtbegin.o] ==> obj [/root/Tool/gcc-aarch64-linux-gnu-7.3/bin/../lib/gcc/aarch64-linux-gnu/7.3.1/crtbegin.o]
    arg [-L/root/Tool/gcc-aarch64-linux-gnu-7.3/bin/../lib/gcc/aarch64-linux-gnu/7.3.1] ==> dir [/root/Tool/gcc-aarch64-linux-gnu-7.3/bin/../lib/gcc/aarch64-linux-gnu/7.3.1]
    arg [-L/root/Tool/gcc-aarch64-linux-gnu-7.3/bin/../lib/gcc/aarch64-linux-gnu] ==> dir [/root/Tool/gcc-aarch64-linux-gnu-7.3/bin/../lib/gcc/aarch64-linux-gnu]
    arg [-L/root/Tool/gcc-aarch64-linux-gnu-7.3/bin/../lib/gcc] ==> dir [/root/Tool/gcc-aarch64-linux-gnu-7.3/bin/../lib/gcc]
    arg [-L/root/Tool/gcc-aarch64-linux-gnu-7.3/bin/../lib/gcc/aarch64-linux-gnu/7.3.1/../../../../aarch64-linux-gnu/lib/../lib64] ==> dir [/root/Tool/gcc-aarch64-linux-gnu-7.3/bin/../lib/gcc/aarch64-linux-gnu/7.3.1/../../../../aarch64-linux-gnu/lib/../lib64]
    arg [-L/root/Tool/gcc-aarch64-linux-gnu-7.3/bin/../lib/gcc/aarch64-linux-gnu/7.3.1/../../../../aarch64-linux-gnu/lib] ==> dir [/root/Tool/gcc-aarch64-linux-gnu-7.3/bin/../lib/gcc/aarch64-linux-gnu/7.3.1/../../../../aarch64-linux-gnu/lib]
    arg [-L/root/Tool/gcc-aarch64-linux-gnu-7.3/bin/../aarch64-linux-gnu/libc/lib] ==> dir [/root/Tool/gcc-aarch64-linux-gnu-7.3/bin/../aarch64-linux-gnu/libc/lib]
    arg [-L/root/Tool/gcc-aarch64-linux-gnu-7.3/bin/../aarch64-linux-gnu/libc/usr/lib] ==> dir [/root/Tool/gcc-aarch64-linux-gnu-7.3/bin/../aarch64-linux-gnu/libc/usr/lib]
    arg [CMakeFiles/cmTC_57f28.dir/CMakeCCompilerABI.c.o] ==> ignore
    arg [-lgcc] ==> lib [gcc]
    arg [--as-needed] ==> ignore
    arg [-lgcc_s] ==> lib [gcc_s]
    arg [--no-as-needed] ==> ignore
    arg [-lc] ==> lib [c]
    arg [-lgcc] ==> lib [gcc]
    arg [--as-needed] ==> ignore
    arg [-lgcc_s] ==> lib [gcc_s]
    arg [--no-as-needed] ==> ignore
    arg [/root/Tool/gcc-aarch64-linux-gnu-7.3/bin/../lib/gcc/aarch64-linux-gnu/7.3.1/crtend.o] ==> obj [/root/Tool/gcc-aarch64-linux-gnu-7.3/bin/../lib/gcc/aarch64-linux-gnu/7.3.1/crtend.o]
    arg [/root/Tool/gcc-aarch64-linux-gnu-7.3/bin/../aarch64-linux-gnu/libc/usr/lib/crtn.o] ==> obj [/root/Tool/gcc-aarch64-linux-gnu-7.3/bin/../aarch64-linux-gnu/libc/usr/lib/crtn.o]
  collapse obj [/root/Tool/gcc-aarch64-linux-gnu-7.3/bin/../aarch64-linux-gnu/libc/usr/lib/crt1.o] ==> [/root/Tool/gcc-aarch64-linux-gnu-7.3/aarch64-linux-gnu/libc/usr/lib/crt1.o]
  collapse obj [/root/Tool/gcc-aarch64-linux-gnu-7.3/bin/../aarch64-linux-gnu/libc/usr/lib/crti.o] ==> [/root/Tool/gcc-aarch64-linux-gnu-7.3/aarch64-linux-gnu/libc/usr/lib/crti.o]
  collapse obj [/root/Tool/gcc-aarch64-linux-gnu-7.3/bin/../lib/gcc/aarch64-linux-gnu/7.3.1/crtbegin.o] ==> [/root/Tool/gcc-aarch64-linux-gnu-7.3/lib/gcc/aarch64-linux-gnu/7.3.1/crtbegin.o]
  collapse obj [/root/Tool/gcc-aarch64-linux-gnu-7.3/bin/../lib/gcc/aarch64-linux-gnu/7.3.1/crtend.o] ==> [/root/Tool/gcc-aarch64-linux-gnu-7.3/lib/gcc/aarch64-linux-gnu/7.3.1/crtend.o]
  collapse obj [/root/Tool/gcc-aarch64-linux-gnu-7.3/bin/../aarch64-linux-gnu/libc/usr/lib/crtn.o] ==> [/root/Tool/gcc-aarch64-linux-gnu-7.3/aarch64-linux-gnu/libc/usr/lib/crtn.o]
  collapse library dir [/root/Tool/gcc-aarch64-linux-gnu-7.3/bin/../lib/gcc/aarch64-linux-gnu/7.3.1] ==> [/root/Tool/gcc-aarch64-linux-gnu-7.3/lib/gcc/aarch64-linux-gnu/7.3.1]
  collapse library dir [/root/Tool/gcc-aarch64-linux-gnu-7.3/bin/../lib/gcc/aarch64-linux-gnu] ==> [/root/Tool/gcc-aarch64-linux-gnu-7.3/lib/gcc/aarch64-linux-gnu]
  collapse library dir [/root/Tool/gcc-aarch64-linux-gnu-7.3/bin/../lib/gcc] ==> [/root/Tool/gcc-aarch64-linux-gnu-7.3/lib/gcc]
  collapse library dir [/root/Tool/gcc-aarch64-linux-gnu-7.3/bin/../lib/gcc/aarch64-linux-gnu/7.3.1/../../../../aarch64-linux-gnu/lib/../lib64] ==> [/root/Tool/gcc-aarch64-linux-gnu-7.3/aarch64-linux-gnu/lib64]
  collapse library dir [/root/Tool/gcc-aarch64-linux-gnu-7.3/bin/../lib/gcc/aarch64-linux-gnu/7.3.1/../../../../aarch64-linux-gnu/lib] ==> [/root/Tool/gcc-aarch64-linux-gnu-7.3/aarch64-linux-gnu/lib]
  collapse library dir [/root/Tool/gcc-aarch64-linux-gnu-7.3/bin/../aarch64-linux-gnu/libc/lib] ==> [/root/Tool/gcc-aarch64-linux-gnu-7.3/aarch64-linux-gnu/libc/lib]
  collapse library dir [/root/Tool/gcc-aarch64-linux-gnu-7.3/bin/../aarch64-linux-gnu/libc/usr/lib] ==> [/root/Tool/gcc-aarch64-linux-gnu-7.3/aarch64-linux-gnu/libc/usr/lib]
  implicit libs: [gcc;gcc_s;c;gcc;gcc_s]
  implicit objs: [/root/Tool/gcc-aarch64-linux-gnu-7.3/aarch64-linux-gnu/libc/usr/lib/crt1.o;/root/Tool/gcc-aarch64-linux-gnu-7.3/aarch64-linux-gnu/libc/usr/lib/crti.o;/root/Tool/gcc-aarch64-linux-gnu-7.3/lib/gcc/aarch64-linux-gnu/7.3.1/crtbegin.o;/root/Tool/gcc-aarch64-linux-gnu-7.3/lib/gcc/aarch64-linux-gnu/7.3.1/crtend.o;/root/Tool/gcc-aarch64-linux-gnu-7.3/aarch64-linux-gnu/libc/usr/lib/crtn.o]
  implicit dirs: [/root/Tool/gcc-aarch64-linux-gnu-7.3/lib/gcc/aarch64-linux-gnu/7.3.1;/root/Tool/gcc-aarch64-linux-gnu-7.3/lib/gcc/aarch64-linux-gnu;/root/Tool/gcc-aarch64-linux-gnu-7.3/lib/gcc;/root/Tool/gcc-aarch64-linux-gnu-7.3/aarch64-linux-gnu/lib64;/root/Tool/gcc-aarch64-linux-gnu-7.3/aarch64-linux-gnu/lib;/root/Tool/gcc-aarch64-linux-gnu-7.3/aarch64-linux-gnu/libc/lib;/root/Tool/gcc-aarch64-linux-gnu-7.3/aarch64-linux-gnu/libc/usr/lib]
  implicit fwks: []


Detecting CXX compiler ABI info compiled with the following output:
Change Dir: /root/work/monoManage/build_aarch/CMakeFiles/CMakeTmp

Run Build Command(s):/usr/bin/gmake -f Makefile cmTC_b83dc/fast && /usr/bin/gmake  -f CMakeFiles/cmTC_b83dc.dir/build.make CMakeFiles/cmTC_b83dc.dir/build
gmake[1]: Entering directory '/root/work/monoManage/build_aarch/CMakeFiles/CMakeTmp'
Building CXX object CMakeFiles/cmTC_b83dc.dir/CMakeCXXCompilerABI.cpp.o
/root/Tool/gcc-aarch64-linux-gnu-7.3/bin/aarch64-linux-gnu-g++   -v -o CMakeFiles/cmTC_b83dc.dir/CMakeCXXCompilerABI.cpp.o -c /usr/share/cmake-3.22/Modules/CMakeCXXCompilerABI.cpp
Using built-in specs.
COLLECT_GCC=/root/Tool/gcc-aarch64-linux-gnu-7.3/bin/aarch64-linux-gnu-g++
Target: aarch64-linux-gnu
Configured with: '/home/tcwg-buildslave/workspace/tcwg-make-release/builder_arch/amd64/label/tcwg-x86_64-build/target/aarch64-linux-gnu/snapshots/gcc.git~linaro-7.3-2018.05/configure' SHELL=/bin/bash --with-mpc=/home/tcwg-buildslave/workspace/tcwg-make-release/builder_arch/amd64/label/tcwg-x86_64-build/target/aarch64-linux-gnu/_build/builds/destdir/x86_64-unknown-linux-gnu --with-mpfr=/home/tcwg-buildslave/workspace/tcwg-make-release/builder_arch/amd64/label/tcwg-x86_64-build/target/aarch64-linux-gnu/_build/builds/destdir/x86_64-unknown-linux-gnu --with-gmp=/home/tcwg-buildslave/workspace/tcwg-make-release/builder_arch/amd64/label/tcwg-x86_64-build/target/aarch64-linux-gnu/_build/builds/destdir/x86_64-unknown-linux-gnu --with-gnu-as --with-gnu-ld --disable-libmudflap --enable-lto --enable-shared --without-included-gettext --enable-nls --with-system-zlib --disable-sjlj-exceptions --enable-gnu-unique-object --enable-linker-build-id --disable-libstdcxx-pch --enable-c99 --enable-clocale=gnu --enable-libstdcxx-debug --enable-long-long --with-cloog=no --with-ppl=no --with-isl=no --disable-multilib --enable-fix-cortex-a53-835769 --enable-fix-cortex-a53-843419 --with-arch=armv8-a --enable-threads=posix --enable-multiarch --enable-libstdcxx-time=yes --enable-gnu-indirect-function --with-build-sysroot=/home/tcwg-buildslave/workspace/tcwg-make-release/builder_arch/amd64/label/tcwg-x86_64-build/target/aarch64-linux-gnu/_build/sysroots/aarch64-linux-gnu --with-sysroot=/home/tcwg-buildslave/workspace/tcwg-make-release/builder_arch/amd64/label/tcwg-x86_64-build/target/aarch64-linux-gnu/_build/builds/destdir/x86_64-unknown-linux-gnu/aarch64-linux-gnu/libc --enable-checking=release --disable-bootstrap --enable-languages=c,c++,fortran,lto --build=x86_64-unknown-linux-gnu --host=x86_64-unknown-linux-gnu --target=aarch64-linux-gnu --prefix=/home/tcwg-buildslave/workspace/tcwg-make-release/builder_arch/amd64/label/tcwg-x86_64-build/target/aarch64-linux-gnu/_build/builds/destdir/x86_64-unknown-linux-gnu
Thread model: posix
gcc version 7.3.1 20180425 [linaro-7.3-2018.05 revision d29120a424ecfbc167ef90065c0eeb7f91977701] (Linaro GCC 7.3-2018.05) 
COLLECT_GCC_OPTIONS='-v' '-o' 'CMakeFiles/cmTC_b83dc.dir/CMakeCXXCompilerABI.cpp.o' '-c' '-shared-libgcc' '-march=armv8-a' '-mlittle-endian' '-mabi=lp64'
 /root/Tool/gcc-aarch64-linux-gnu-7.3/bin/../libexec/gcc/aarch64-linux-gnu/7.3.1/cc1plus -quiet -v -imultiarch aarch64-linux-gnu -iprefix /root/Tool/gcc-aarch64-linux-gnu-7.3/bin/../lib/gcc/aarch64-linux-gnu/7.3.1/ -isysroot /root/Tool/gcc-aarch64-linux-gnu-7.3/bin/../aarch64-linux-gnu/libc -D_GNU_SOURCE /usr/share/cmake-3.22/Modules/CMakeCXXCompilerABI.cpp -quiet -dumpbase CMakeCXXCompilerABI.cpp -march=armv8-a -mlittle-endian -mabi=lp64 -auxbase-strip CMakeFiles/cmTC_b83dc.dir/CMakeCXXCompilerABI.cpp.o -version -o /tmp/cchCZ04g.s
GNU C++14 (Linaro GCC 7.3-2018.05) version 7.3.1 20180425 [linaro-7.3-2018.05 revision d29120a424ecfbc167ef90065c0eeb7f91977701] (aarch64-linux-gnu)
	compiled by GNU C version 4.8.4, GMP version 6.1.2, MPFR version 3.1.5, MPC version 1.0.3, isl version none
GGC heuristics: --param ggc-min-expand=100 --param ggc-min-heapsize=131072
ignoring duplicate directory "/root/Tool/gcc-aarch64-linux-gnu-7.3/bin/../lib/gcc/../../lib/gcc/aarch64-linux-gnu/7.3.1/../../../../aarch64-linux-gnu/include/c++/7.3.1"
ignoring duplicate directory "/root/Tool/gcc-aarch64-linux-gnu-7.3/bin/../lib/gcc/../../lib/gcc/aarch64-linux-gnu/7.3.1/../../../../aarch64-linux-gnu/include/c++/7.3.1/aarch64-linux-gnu"
ignoring duplicate directory "/root/Tool/gcc-aarch64-linux-gnu-7.3/bin/../lib/gcc/../../lib/gcc/aarch64-linux-gnu/7.3.1/../../../../aarch64-linux-gnu/include/c++/7.3.1/backward"
ignoring duplicate directory "/root/Tool/gcc-aarch64-linux-gnu-7.3/bin/../lib/gcc/../../lib/gcc/aarch64-linux-gnu/7.3.1/include"
ignoring nonexistent directory "/root/Tool/gcc-aarch64-linux-gnu-7.3/bin/../aarch64-linux-gnu/libc/usr/local/include/aarch64-linux-gnu"
ignoring nonexistent directory "/root/Tool/gcc-aarch64-linux-gnu-7.3/bin/../aarch64-linux-gnu/libc/usr/local/include"
ignoring duplicate directory "/root/Tool/gcc-aarch64-linux-gnu-7.3/bin/../lib/gcc/../../lib/gcc/aarch64-linux-gnu/7.3.1/include-fixed"
ignoring duplicate directory "/root/Tool/gcc-aarch64-linux-gnu-7.3/bin/../lib/gcc/../../lib/gcc/aarch64-linux-gnu/7.3.1/../../../../aarch64-linux-gnu/include"
ignoring nonexistent directory "/root/Tool/gcc-aarch64-linux-gnu-7.3/bin/../aarch64-linux-gnu/libc/usr/include/aarch64-linux-gnu"
#include "..." search starts here:
#include <...> search starts here:
 /root/Tool/gcc-aarch64-linux-gnu-7.3/bin/../lib/gcc/aarch64-linux-gnu/7.3.1/../../../../aarch64-linux-gnu/include/c++/7.3.1
 /root/Tool/gcc-aarch64-linux-gnu-7.3/bin/../lib/gcc/aarch64-linux-gnu/7.3.1/../../../../aarch64-linux-gnu/include/c++/7.3.1/aarch64-linux-gnu
 /root/Tool/gcc-aarch64-linux-gnu-7.3/bin/../lib/gcc/aarch64-linux-gnu/7.3.1/../../../../aarch64-linux-gnu/include/c++/7.3.1/backward
 /root/Tool/gcc-aarch64-linux-gnu-7.3/bin/../lib/gcc/aarch64-linux-gnu/7.3.1/include
 /root/Tool/gcc-aarch64-linux-gnu-7.3/bin/../lib/gcc/aarch64-linux-gnu/7.3.1/include-fixed
 /root/Tool/gcc-aarch64-linux-gnu-7.3/bin/../lib/gcc/aarch64-linux-gnu/7.3.1/../../../../aarch64-linux-gnu/include
 /root/Tool/gcc-aarch64-linux-gnu-7.3/bin/../aarch64-linux-gnu/libc/usr/include
End of search list.
GNU C++14 (Linaro GCC 7.3-2018.05) version 7.3.1 20180425 [linaro-7.3-2018.05 revision d29120a424ecfbc167ef90065c0eeb7f91977701] (aarch64-linux-gnu)
	compiled by GNU C version 4.8.4, GMP version 6.1.2, MPFR version 3.1.5, MPC version 1.0.3, isl version none
GGC heuristics: --param ggc-min-expand=100 --param ggc-min-heapsize=131072
Compiler executable checksum: 3ad0b0c32a32dbcde53fb3712d70b7c0
COLLECT_GCC_OPTIONS='-v' '-o' 'CMakeFiles/cmTC_b83dc.dir/CMakeCXXCompilerABI.cpp.o' '-c' '-shared-libgcc' '-march=armv8-a' '-mlittle-endian' '-mabi=lp64'
 /root/Tool/gcc-aarch64-linux-gnu-7.3/bin/../lib/gcc/aarch64-linux-gnu/7.3.1/../../../../aarch64-linux-gnu/bin/as -v -EL -march=armv8-a -mabi=lp64 -o CMakeFiles/cmTC_b83dc.dir/CMakeCXXCompilerABI.cpp.o /tmp/cchCZ04g.s
GNU assembler version 2.28.2 (aarch64-linux-gnu) using BFD version (Linaro_Binutils-2018.05) 2.28.2.20170706
COMPILER_PATH=/root/Tool/gcc-aarch64-linux-gnu-7.3/bin/../libexec/gcc/aarch64-linux-gnu/7.3.1/:/root/Tool/gcc-aarch64-linux-gnu-7.3/bin/../libexec/gcc/aarch64-linux-gnu/:/root/Tool/gcc-aarch64-linux-gnu-7.3/bin/../libexec/gcc/:/root/Tool/gcc-aarch64-linux-gnu-7.3/bin/../lib/gcc/aarch64-linux-gnu/7.3.1/../../../../aarch64-linux-gnu/bin/
LIBRARY_PATH=/root/Tool/gcc-aarch64-linux-gnu-7.3/bin/../lib/gcc/aarch64-linux-gnu/7.3.1/:/root/Tool/gcc-aarch64-linux-gnu-7.3/bin/../lib/gcc/aarch64-linux-gnu/:/root/Tool/gcc-aarch64-linux-gnu-7.3/bin/../lib/gcc/:/root/Tool/gcc-aarch64-linux-gnu-7.3/bin/../lib/gcc/aarch64-linux-gnu/7.3.1/../../../../aarch64-linux-gnu/lib/../lib64/:/root/Tool/gcc-aarch64-linux-gnu-7.3/bin/../lib/gcc/aarch64-linux-gnu/7.3.1/../../../../aarch64-linux-gnu/lib/:/root/Tool/gcc-aarch64-linux-gnu-7.3/bin/../aarch64-linux-gnu/libc/lib/:/root/Tool/gcc-aarch64-linux-gnu-7.3/bin/../aarch64-linux-gnu/libc/usr/lib/
COLLECT_GCC_OPTIONS='-v' '-o' 'CMakeFiles/cmTC_b83dc.dir/CMakeCXXCompilerABI.cpp.o' '-c' '-shared-libgcc' '-march=armv8-a' '-mlittle-endian' '-mabi=lp64'
Linking CXX executable cmTC_b83dc
/usr/bin/cmake -E cmake_link_script CMakeFiles/cmTC_b83dc.dir/link.txt --verbose=1
/root/Tool/gcc-aarch64-linux-gnu-7.3/bin/aarch64-linux-gnu-g++  -v CMakeFiles/cmTC_b83dc.dir/CMakeCXXCompilerABI.cpp.o -o cmTC_b83dc 
Using built-in specs.
COLLECT_GCC=/root/Tool/gcc-aarch64-linux-gnu-7.3/bin/aarch64-linux-gnu-g++
COLLECT_LTO_WRAPPER=/root/Tool/gcc-aarch64-linux-gnu-7.3/bin/../libexec/gcc/aarch64-linux-gnu/7.3.1/lto-wrapper
Target: aarch64-linux-gnu
Configured with: '/home/tcwg-buildslave/workspace/tcwg-make-release/builder_arch/amd64/label/tcwg-x86_64-build/target/aarch64-linux-gnu/snapshots/gcc.git~linaro-7.3-2018.05/configure' SHELL=/bin/bash --with-mpc=/home/tcwg-buildslave/workspace/tcwg-make-release/builder_arch/amd64/label/tcwg-x86_64-build/target/aarch64-linux-gnu/_build/builds/destdir/x86_64-unknown-linux-gnu --with-mpfr=/home/tcwg-buildslave/workspace/tcwg-make-release/builder_arch/amd64/label/tcwg-x86_64-build/target/aarch64-linux-gnu/_build/builds/destdir/x86_64-unknown-linux-gnu --with-gmp=/home/tcwg-buildslave/workspace/tcwg-make-release/builder_arch/amd64/label/tcwg-x86_64-build/target/aarch64-linux-gnu/_build/builds/destdir/x86_64-unknown-linux-gnu --with-gnu-as --with-gnu-ld --disable-libmudflap --enable-lto --enable-shared --without-included-gettext --enable-nls --with-system-zlib --disable-sjlj-exceptions --enable-gnu-unique-object --enable-linker-build-id --disable-libstdcxx-pch --enable-c99 --enable-clocale=gnu --enable-libstdcxx-debug --enable-long-long --with-cloog=no --with-ppl=no --with-isl=no --disable-multilib --enable-fix-cortex-a53-835769 --enable-fix-cortex-a53-843419 --with-arch=armv8-a --enable-threads=posix --enable-multiarch --enable-libstdcxx-time=yes --enable-gnu-indirect-function --with-build-sysroot=/home/tcwg-buildslave/workspace/tcwg-make-release/builder_arch/amd64/label/tcwg-x86_64-build/target/aarch64-linux-gnu/_build/sysroots/aarch64-linux-gnu --with-sysroot=/home/tcwg-buildslave/workspace/tcwg-make-release/builder_arch/amd64/label/tcwg-x86_64-build/target/aarch64-linux-gnu/_build/builds/destdir/x86_64-unknown-linux-gnu/aarch64-linux-gnu/libc --enable-checking=release --disable-bootstrap --enable-languages=c,c++,fortran,lto --build=x86_64-unknown-linux-gnu --host=x86_64-unknown-linux-gnu --target=aarch64-linux-gnu --prefix=/home/tcwg-buildslave/workspace/tcwg-make-release/builder_arch/amd64/label/tcwg-x86_64-build/target/aarch64-linux-gnu/_build/builds/destdir/x86_64-unknown-linux-gnu
Thread model: posix
gcc version 7.3.1 20180425 [linaro-7.3-2018.05 revision d29120a424ecfbc167ef90065c0eeb7f91977701] (Linaro GCC 7.3-2018.05) 
COMPILER_PATH=/root/Tool/gcc-aarch64-linux-gnu-7.3/bin/../libexec/gcc/aarch64-linux-gnu/7.3.1/:/root/Tool/gcc-aarch64-linux-gnu-7.3/bin/../libexec/gcc/aarch64-linux-gnu/:/root/Tool/gcc-aarch64-linux-gnu-7.3/bin/../libexec/gcc/:/root/Tool/gcc-aarch64-linux-gnu-7.3/bin/../lib/gcc/aarch64-linux-gnu/7.3.1/../../../../aarch64-linux-gnu/bin/
LIBRARY_PATH=/root/Tool/gcc-aarch64-linux-gnu-7.3/bin/../lib/gcc/aarch64-linux-gnu/7.3.1/:/root/Tool/gcc-aarch64-linux-gnu-7.3/bin/../lib/gcc/aarch64-linux-gnu/:/root/Tool/gcc-aarch64-linux-gnu-7.3/bin/../lib/gcc/:/root/Tool/gcc-aarch64-linux-gnu-7.3/bin/../lib/gcc/aarch64-linux-gnu/7.3.1/../../../../aarch64-linux-gnu/lib/../lib64/:/root/Tool/gcc-aarch64-linux-gnu-7.3/bin/../lib/gcc/aarch64-linux-gnu/7.3.1/../../../../aarch64-linux-gnu/lib/:/root/Tool/gcc-aarch64-linux-gnu-7.3/bin/../aarch64-linux-gnu/libc/lib/:/root/Tool/gcc-aarch64-linux-gnu-7.3/bin/../aarch64-linux-gnu/libc/usr/lib/
COLLECT_GCC_OPTIONS='-v' '-o' 'cmTC_b83dc' '-shared-libgcc' '-march=armv8-a' '-mlittle-endian' '-mabi=lp64'
 /root/Tool/gcc-aarch64-linux-gnu-7.3/bin/../libexec/gcc/aarch64-linux-gnu/7.3.1/collect2 -plugin /root/Tool/gcc-aarch64-linux-gnu-7.3/bin/../libexec/gcc/aarch64-linux-gnu/7.3.1/liblto_plugin.so -plugin-opt=/root/Tool/gcc-aarch64-linux-gnu-7.3/bin/../libexec/gcc/aarch64-linux-gnu/7.3.1/lto-wrapper -plugin-opt=-fresolution=/tmp/ccpbrigS.res -plugin-opt=-pass-through=-lgcc_s -plugin-opt=-pass-through=-lgcc -plugin-opt=-pass-through=-lc -plugin-opt=-pass-through=-lgcc_s -plugin-opt=-pass-through=-lgcc --sysroot=/root/Tool/gcc-aarch64-linux-gnu-7.3/bin/../aarch64-linux-gnu/libc --build-id --eh-frame-hdr -dynamic-linker /lib/ld-linux-aarch64.so.1 -X -EL -maarch64linux --fix-cortex-a53-835769 --fix-cortex-a53-843419 -o cmTC_b83dc /root/Tool/gcc-aarch64-linux-gnu-7.3/bin/../aarch64-linux-gnu/libc/usr/lib/crt1.o /root/Tool/gcc-aarch64-linux-gnu-7.3/bin/../aarch64-linux-gnu/libc/usr/lib/crti.o /root/Tool/gcc-aarch64-linux-gnu-7.3/bin/../lib/gcc/aarch64-linux-gnu/7.3.1/crtbegin.o -L/root/Tool/gcc-aarch64-linux-gnu-7.3/bin/../lib/gcc/aarch64-linux-gnu/7.3.1 -L/root/Tool/gcc-aarch64-linux-gnu-7.3/bin/../lib/gcc/aarch64-linux-gnu -L/root/Tool/gcc-aarch64-linux-gnu-7.3/bin/../lib/gcc -L/root/Tool/gcc-aarch64-linux-gnu-7.3/bin/../lib/gcc/aarch64-linux-gnu/7.3.1/../../../../aarch64-linux-gnu/lib/../lib64 -L/root/Tool/gcc-aarch64-linux-gnu-7.3/bin/../lib/gcc/aarch64-linux-gnu/7.3.1/../../../../aarch64-linux-gnu/lib -L/root/Tool/gcc-aarch64-linux-gnu-7.3/bin/../aarch64-linux-gnu/libc/lib -L/root/Tool/gcc-aarch64-linux-gnu-7.3/bin/../aarch64-linux-gnu/libc/usr/lib CMakeFiles/cmTC_b83dc.dir/CMakeCXXCompilerABI.cpp.o -lstdc++ -lm -lgcc_s -lgcc -lc -lgcc_s -lgcc /root/Tool/gcc-aarch64-linux-gnu-7.3/bin/../lib/gcc/aarch64-linux-gnu/7.3.1/crtend.o /root/Tool/gcc-aarch64-linux-gnu-7.3/bin/../aarch64-linux-gnu/libc/usr/lib/crtn.o
COLLECT_GCC_OPTIONS='-v' '-o' 'cmTC_b83dc' '-shared-libgcc' '-march=armv8-a' '-mlittle-endian' '-mabi=lp64'
gmake[1]: Leaving directory '/root/work/monoManage/build_aarch/CMakeFiles/CMakeTmp'



Parsed CXX implicit include dir info from above output: rv=done
  found start of include info
  found start of implicit include info
    add: [/root/Tool/gcc-aarch64-linux-gnu-7.3/bin/../lib/gcc/aarch64-linux-gnu/7.3.1/../../../../aarch64-linux-gnu/include/c++/7.3.1]
    add: [/root/Tool/gcc-aarch64-linux-gnu-7.3/bin/../lib/gcc/aarch64-linux-gnu/7.3.1/../../../../aarch64-linux-gnu/include/c++/7.3.1/aarch64-linux-gnu]
    add: [/root/Tool/gcc-aarch64-linux-gnu-7.3/bin/../lib/gcc/aarch64-linux-gnu/7.3.1/../../../../aarch64-linux-gnu/include/c++/7.3.1/backward]
    add: [/root/Tool/gcc-aarch64-linux-gnu-7.3/bin/../lib/gcc/aarch64-linux-gnu/7.3.1/include]
    add: [/root/Tool/gcc-aarch64-linux-gnu-7.3/bin/../lib/gcc/aarch64-linux-gnu/7.3.1/include-fixed]
    add: [/root/Tool/gcc-aarch64-linux-gnu-7.3/bin/../lib/gcc/aarch64-linux-gnu/7.3.1/../../../../aarch64-linux-gnu/include]
    add: [/root/Tool/gcc-aarch64-linux-gnu-7.3/bin/../aarch64-linux-gnu/libc/usr/include]
  end of search list found
  collapse include dir [/root/Tool/gcc-aarch64-linux-gnu-7.3/bin/../lib/gcc/aarch64-linux-gnu/7.3.1/../../../../aarch64-linux-gnu/include/c++/7.3.1] ==> [/root/Tool/gcc-aarch64-linux-gnu-7.3/aarch64-linux-gnu/include/c++/7.3.1]
  collapse include dir [/root/Tool/gcc-aarch64-linux-gnu-7.3/bin/../lib/gcc/aarch64-linux-gnu/7.3.1/../../../../aarch64-linux-gnu/include/c++/7.3.1/aarch64-linux-gnu] ==> [/root/Tool/gcc-aarch64-linux-gnu-7.3/aarch64-linux-gnu/include/c++/7.3.1/aarch64-linux-gnu]
  collapse include dir [/root/Tool/gcc-aarch64-linux-gnu-7.3/bin/../lib/gcc/aarch64-linux-gnu/7.3.1/../../../../aarch64-linux-gnu/include/c++/7.3.1/backward] ==> [/root/Tool/gcc-aarch64-linux-gnu-7.3/aarch64-linux-gnu/include/c++/7.3.1/backward]
  collapse include dir [/root/Tool/gcc-aarch64-linux-gnu-7.3/bin/../lib/gcc/aarch64-linux-gnu/7.3.1/include] ==> [/root/Tool/gcc-aarch64-linux-gnu-7.3/lib/gcc/aarch64-linux-gnu/7.3.1/include]
  collapse include dir [/root/Tool/gcc-aarch64-linux-gnu-7.3/bin/../lib/gcc/aarch64-linux-gnu/7.3.1/include-fixed] ==> [/root/Tool/gcc-aarch64-linux-gnu-7.3/lib/gcc/aarch64-linux-gnu/7.3.1/include-fixed]
  collapse include dir [/root/Tool/gcc-aarch64-linux-gnu-7.3/bin/../lib/gcc/aarch64-linux-gnu/7.3.1/../../../../aarch64-linux-gnu/include] ==> [/root/Tool/gcc-aarch64-linux-gnu-7.3/aarch64-linux-gnu/include]
  collapse include dir [/root/Tool/gcc-aarch64-linux-gnu-7.3/bin/../aarch64-linux-gnu/libc/usr/include] ==> [/root/Tool/gcc-aarch64-linux-gnu-7.3/aarch64-linux-gnu/libc/usr/include]
  implicit include dirs: [/root/Tool/gcc-aarch64-linux-gnu-7.3/aarch64-linux-gnu/include/c++/7.3.1;/root/Tool/gcc-aarch64-linux-gnu-7.3/aarch64-linux-gnu/include/c++/7.3.1/aarch64-linux-gnu;/root/Tool/gcc-aarch64-linux-gnu-7.3/aarch64-linux-gnu/include/c++/7.3.1/backward;/root/Tool/gcc-aarch64-linux-gnu-7.3/lib/gcc/aarch64-linux-gnu/7.3.1/include;/root/Tool/gcc-aarch64-linux-gnu-7.3/lib/gcc/aarch64-linux-gnu/7.3.1/include-fixed;/root/Tool/gcc-aarch64-linux-gnu-7.3/aarch64-linux-gnu/include;/root/Tool/gcc-aarch64-linux-gnu-7.3/aarch64-linux-gnu/libc/usr/include]


Parsed CXX implicit link information from above output:
  link line regex: [^( *|.*[/\])(aarch64-linux-gnu-ld|CMAKE_LINK_STARTFILE-NOTFOUND|([^/\]+-)?ld|collect2)[^/\]*( |$)]
  ignore line: [Change Dir: /root/work/monoManage/build_aarch/CMakeFiles/CMakeTmp]
  ignore line: []
  ignore line: [Run Build Command(s):/usr/bin/gmake -f Makefile cmTC_b83dc/fast && /usr/bin/gmake  -f CMakeFiles/cmTC_b83dc.dir/build.make CMakeFiles/cmTC_b83dc.dir/build]
  ignore line: [gmake[1]: Entering directory '/root/work/monoManage/build_aarch/CMakeFiles/CMakeTmp']
  ignore line: [Building CXX object CMakeFiles/cmTC_b83dc.dir/CMakeCXXCompilerABI.cpp.o]
  ignore line: [/root/Tool/gcc-aarch64-linux-gnu-7.3/bin/aarch64-linux-gnu-g++   -v -o CMakeFiles/cmTC_b83dc.dir/CMakeCXXCompilerABI.cpp.o -c /usr/share/cmake-3.22/Modules/CMakeCXXCompilerABI.cpp]
  ignore line: [Using built-in specs.]
  ignore line: [COLLECT_GCC=/root/Tool/gcc-aarch64-linux-gnu-7.3/bin/aarch64-linux-gnu-g++]
  ignore line: [Target: aarch64-linux-gnu]
  ignore line: [Configured with: '/home/tcwg-buildslave/workspace/tcwg-make-release/builder_arch/amd64/label/tcwg-x86_64-build/target/aarch64-linux-gnu/snapshots/gcc.git~linaro-7.3-2018.05/configure' SHELL=/bin/bash --with-mpc=/home/tcwg-buildslave/workspace/tcwg-make-release/builder_arch/amd64/label/tcwg-x86_64-build/target/aarch64-linux-gnu/_build/builds/destdir/x86_64-unknown-linux-gnu --with-mpfr=/home/tcwg-buildslave/workspace/tcwg-make-release/builder_arch/amd64/label/tcwg-x86_64-build/target/aarch64-linux-gnu/_build/builds/destdir/x86_64-unknown-linux-gnu --with-gmp=/home/tcwg-buildslave/workspace/tcwg-make-release/builder_arch/amd64/label/tcwg-x86_64-build/target/aarch64-linux-gnu/_build/builds/destdir/x86_64-unknown-linux-gnu --with-gnu-as --with-gnu-ld --disable-libmudflap --enable-lto --enable-shared --without-included-gettext --enable-nls --with-system-zlib --disable-sjlj-exceptions --enable-gnu-unique-object --enable-linker-build-id --disable-libstdcxx-pch --enable-c99 --enable-clocale=gnu --enable-libstdcxx-debug --enable-long-long --with-cloog=no --with-ppl=no --with-isl=no --disable-multilib --enable-fix-cortex-a53-835769 --enable-fix-cortex-a53-843419 --with-arch=armv8-a --enable-threads=posix --enable-multiarch --enable-libstdcxx-time=yes --enable-gnu-indirect-function --with-build-sysroot=/home/tcwg-buildslave/workspace/tcwg-make-release/builder_arch/amd64/label/tcwg-x86_64-build/target/aarch64-linux-gnu/_build/sysroots/aarch64-linux-gnu --with-sysroot=/home/tcwg-buildslave/workspace/tcwg-make-release/builder_arch/amd64/label/tcwg-x86_64-build/target/aarch64-linux-gnu/_build/builds/destdir/x86_64-unknown-linux-gnu/aarch64-linux-gnu/libc --enable-checking=release --disable-bootstrap --enable-languages=c,c++,fortran,lto --build=x86_64-unknown-linux-gnu --host=x86_64-unknown-linux-gnu --target=aarch64-linux-gnu --prefix=/home/tcwg-buildslave/workspace/tcwg-make-release/builder_arch/amd64/label/tcwg-x86_64-build/target/aarch64-linux-gnu/_build/builds/destdir/x86_64-unknown-linux-gnu]
  ignore line: [Thread model: posix]
  ignore line: [gcc version 7.3.1 20180425 [linaro-7.3-2018.05 revision d29120a424ecfbc167ef90065c0eeb7f91977701] (Linaro GCC 7.3-2018.05) ]
  ignore line: [COLLECT_GCC_OPTIONS='-v' '-o' 'CMakeFiles/cmTC_b83dc.dir/CMakeCXXCompilerABI.cpp.o' '-c' '-shared-libgcc' '-march=armv8-a' '-mlittle-endian' '-mabi=lp64']
  ignore line: [ /root/Tool/gcc-aarch64-linux-gnu-7.3/bin/../libexec/gcc/aarch64-linux-gnu/7.3.1/cc1plus -quiet -v -imultiarch aarch64-linux-gnu -iprefix /root/Tool/gcc-aarch64-linux-gnu-7.3/bin/../lib/gcc/aarch64-linux-gnu/7.3.1/ -isysroot /root/Tool/gcc-aarch64-linux-gnu-7.3/bin/../aarch64-linux-gnu/libc -D_GNU_SOURCE /usr/share/cmake-3.22/Modules/CMakeCXXCompilerABI.cpp -quiet -dumpbase CMakeCXXCompilerABI.cpp -march=armv8-a -mlittle-endian -mabi=lp64 -auxbase-strip CMakeFiles/cmTC_b83dc.dir/CMakeCXXCompilerABI.cpp.o -version -o /tmp/cchCZ04g.s]
  ignore line: [GNU C++14 (Linaro GCC 7.3-2018.05) version 7.3.1 20180425 [linaro-7.3-2018.05 revision d29120a424ecfbc167ef90065c0eeb7f91977701] (aarch64-linux-gnu)]
  ignore line: [	compiled by GNU C version 4.8.4  GMP version 6.1.2  MPFR version 3.1.5  MPC version 1.0.3  isl version none]
  ignore line: [GGC heuristics: --param ggc-min-expand=100 --param ggc-min-heapsize=131072]
  ignore line: [ignoring duplicate directory "/root/Tool/gcc-aarch64-linux-gnu-7.3/bin/../lib/gcc/../../lib/gcc/aarch64-linux-gnu/7.3.1/../../../../aarch64-linux-gnu/include/c++/7.3.1"]
  ignore line: [ignoring duplicate directory "/root/Tool/gcc-aarch64-linux-gnu-7.3/bin/../lib/gcc/../../lib/gcc/aarch64-linux-gnu/7.3.1/../../../../aarch64-linux-gnu/include/c++/7.3.1/aarch64-linux-gnu"]
  ignore line: [ignoring duplicate directory "/root/Tool/gcc-aarch64-linux-gnu-7.3/bin/../lib/gcc/../../lib/gcc/aarch64-linux-gnu/7.3.1/../../../../aarch64-linux-gnu/include/c++/7.3.1/backward"]
  ignore line: [ignoring duplicate directory "/root/Tool/gcc-aarch64-linux-gnu-7.3/bin/../lib/gcc/../../lib/gcc/aarch64-linux-gnu/7.3.1/include"]
  ignore line: [ignoring nonexistent directory "/root/Tool/gcc-aarch64-linux-gnu-7.3/bin/../aarch64-linux-gnu/libc/usr/local/include/aarch64-linux-gnu"]
  ignore line: [ignoring nonexistent directory "/root/Tool/gcc-aarch64-linux-gnu-7.3/bin/../aarch64-linux-gnu/libc/usr/local/include"]
  ignore line: [ignoring duplicate directory "/root/Tool/gcc-aarch64-linux-gnu-7.3/bin/../lib/gcc/../../lib/gcc/aarch64-linux-gnu/7.3.1/include-fixed"]
  ignore line: [ignoring duplicate directory "/root/Tool/gcc-aarch64-linux-gnu-7.3/bin/../lib/gcc/../../lib/gcc/aarch64-linux-gnu/7.3.1/../../../../aarch64-linux-gnu/include"]
  ignore line: [ignoring nonexistent directory "/root/Tool/gcc-aarch64-linux-gnu-7.3/bin/../aarch64-linux-gnu/libc/usr/include/aarch64-linux-gnu"]
  ignore line: [#include "..." search starts here:]
  ignore line: [#include <...> search starts here:]
  ignore line: [ /root/Tool/gcc-aarch64-linux-gnu-7.3/bin/../lib/gcc/aarch64-linux-gnu/7.3.1/../../../../aarch64-linux-gnu/include/c++/7.3.1]
  ignore line: [ /root/Tool/gcc-aarch64-linux-gnu-7.3/bin/../lib/gcc/aarch64-linux-gnu/7.3.1/../../../../aarch64-linux-gnu/include/c++/7.3.1/aarch64-linux-gnu]
  ignore line: [ /root/Tool/gcc-aarch64-linux-gnu-7.3/bin/../lib/gcc/aarch64-linux-gnu/7.3.1/../../../../aarch64-linux-gnu/include/c++/7.3.1/backward]
  ignore line: [ /root/Tool/gcc-aarch64-linux-gnu-7.3/bin/../lib/gcc/aarch64-linux-gnu/7.3.1/include]
  ignore line: [ /root/Tool/gcc-aarch64-linux-gnu-7.3/bin/../lib/gcc/aarch64-linux-gnu/7.3.1/include-fixed]
  ignore line: [ /root/Tool/gcc-aarch64-linux-gnu-7.3/bin/../lib/gcc/aarch64-linux-gnu/7.3.1/../../../../aarch64-linux-gnu/include]
  ignore line: [ /root/Tool/gcc-aarch64-linux-gnu-7.3/bin/../aarch64-linux-gnu/libc/usr/include]
  ignore line: [End of search list.]
  ignore line: [GNU C++14 (Linaro GCC 7.3-2018.05) version 7.3.1 20180425 [linaro-7.3-2018.05 revision d29120a424ecfbc167ef90065c0eeb7f91977701] (aarch64-linux-gnu)]
  ignore line: [	compiled by GNU C version 4.8.4  GMP version 6.1.2  MPFR version 3.1.5  MPC version 1.0.3  isl version none]
  ignore line: [GGC heuristics: --param ggc-min-expand=100 --param ggc-min-heapsize=131072]
  ignore line: [Compiler executable checksum: 3ad0b0c32a32dbcde53fb3712d70b7c0]
  ignore line: [COLLECT_GCC_OPTIONS='-v' '-o' 'CMakeFiles/cmTC_b83dc.dir/CMakeCXXCompilerABI.cpp.o' '-c' '-shared-libgcc' '-march=armv8-a' '-mlittle-endian' '-mabi=lp64']
  ignore line: [ /root/Tool/gcc-aarch64-linux-gnu-7.3/bin/../lib/gcc/aarch64-linux-gnu/7.3.1/../../../../aarch64-linux-gnu/bin/as -v -EL -march=armv8-a -mabi=lp64 -o CMakeFiles/cmTC_b83dc.dir/CMakeCXXCompilerABI.cpp.o /tmp/cchCZ04g.s]
  ignore line: [GNU assembler version 2.28.2 (aarch64-linux-gnu) using BFD version (Linaro_Binutils-2018.05) 2.28.2.20170706]
  ignore line: [COMPILER_PATH=/root/Tool/gcc-aarch64-linux-gnu-7.3/bin/../libexec/gcc/aarch64-linux-gnu/7.3.1/:/root/Tool/gcc-aarch64-linux-gnu-7.3/bin/../libexec/gcc/aarch64-linux-gnu/:/root/Tool/gcc-aarch64-linux-gnu-7.3/bin/../libexec/gcc/:/root/Tool/gcc-aarch64-linux-gnu-7.3/bin/../lib/gcc/aarch64-linux-gnu/7.3.1/../../../../aarch64-linux-gnu/bin/]
  ignore line: [LIBRARY_PATH=/root/Tool/gcc-aarch64-linux-gnu-7.3/bin/../lib/gcc/aarch64-linux-gnu/7.3.1/:/root/Tool/gcc-aarch64-linux-gnu-7.3/bin/../lib/gcc/aarch64-linux-gnu/:/root/Tool/gcc-aarch64-linux-gnu-7.3/bin/../lib/gcc/:/root/Tool/gcc-aarch64-linux-gnu-7.3/bin/../lib/gcc/aarch64-linux-gnu/7.3.1/../../../../aarch64-linux-gnu/lib/../lib64/:/root/Tool/gcc-aarch64-linux-gnu-7.3/bin/../lib/gcc/aarch64-linux-gnu/7.3.1/../../../../aarch64-linux-gnu/lib/:/root/Tool/gcc-aarch64-linux-gnu-7.3/bin/../aarch64-linux-gnu/libc/lib/:/root/Tool/gcc-aarch64-linux-gnu-7.3/bin/../aarch64-linux-gnu/libc/usr/lib/]
  ignore line: [COLLECT_GCC_OPTIONS='-v' '-o' 'CMakeFiles/cmTC_b83dc.dir/CMakeCXXCompilerABI.cpp.o' '-c' '-shared-libgcc' '-march=armv8-a' '-mlittle-endian' '-mabi=lp64']
  ignore line: [Linking CXX executable cmTC_b83dc]
  ignore line: [/usr/bin/cmake -E cmake_link_script CMakeFiles/cmTC_b83dc.dir/link.txt --verbose=1]
  ignore line: [/root/Tool/gcc-aarch64-linux-gnu-7.3/bin/aarch64-linux-gnu-g++  -v CMakeFiles/cmTC_b83dc.dir/CMakeCXXCompilerABI.cpp.o -o cmTC_b83dc ]
  ignore line: [Using built-in specs.]
  ignore line: [COLLECT_GCC=/root/Tool/gcc-aarch64-linux-gnu-7.3/bin/aarch64-linux-gnu-g++]
  ignore line: [COLLECT_LTO_WRAPPER=/root/Tool/gcc-aarch64-linux-gnu-7.3/bin/../libexec/gcc/aarch64-linux-gnu/7.3.1/lto-wrapper]
  ignore line: [Target: aarch64-linux-gnu]
  ignore line: [Configured with: '/home/tcwg-buildslave/workspace/tcwg-make-release/builder_arch/amd64/label/tcwg-x86_64-build/target/aarch64-linux-gnu/snapshots/gcc.git~linaro-7.3-2018.05/configure' SHELL=/bin/bash --with-mpc=/home/tcwg-buildslave/workspace/tcwg-make-release/builder_arch/amd64/label/tcwg-x86_64-build/target/aarch64-linux-gnu/_build/builds/destdir/x86_64-unknown-linux-gnu --with-mpfr=/home/tcwg-buildslave/workspace/tcwg-make-release/builder_arch/amd64/label/tcwg-x86_64-build/target/aarch64-linux-gnu/_build/builds/destdir/x86_64-unknown-linux-gnu --with-gmp=/home/tcwg-buildslave/workspace/tcwg-make-release/builder_arch/amd64/label/tcwg-x86_64-build/target/aarch64-linux-gnu/_build/builds/destdir/x86_64-unknown-linux-gnu --with-gnu-as --with-gnu-ld --disable-libmudflap --enable-lto --enable-shared --without-included-gettext --enable-nls --with-system-zlib --disable-sjlj-exceptions --enable-gnu-unique-object --enable-linker-build-id --disable-libstdcxx-pch --enable-c99 --enable-clocale=gnu --enable-libstdcxx-debug --enable-long-long --with-cloog=no --with-ppl=no --with-isl=no --disable-multilib --enable-fix-cortex-a53-835769 --enable-fix-cortex-a53-843419 --with-arch=armv8-a --enable-threads=posix --enable-multiarch --enable-libstdcxx-time=yes --enable-gnu-indirect-function --with-build-sysroot=/home/tcwg-buildslave/workspace/tcwg-make-release/builder_arch/amd64/label/tcwg-x86_64-build/target/aarch64-linux-gnu/_build/sysroots/aarch64-linux-gnu --with-sysroot=/home/tcwg-buildslave/workspace/tcwg-make-release/builder_arch/amd64/label/tcwg-x86_64-build/target/aarch64-linux-gnu/_build/builds/destdir/x86_64-unknown-linux-gnu/aarch64-linux-gnu/libc --enable-checking=release --disable-bootstrap --enable-languages=c,c++,fortran,lto --build=x86_64-unknown-linux-gnu --host=x86_64-unknown-linux-gnu --target=aarch64-linux-gnu --prefix=/home/tcwg-buildslave/workspace/tcwg-make-release/builder_arch/amd64/label/tcwg-x86_64-build/target/aarch64-linux-gnu/_build/builds/destdir/x86_64-unknown-linux-gnu]
  ignore line: [Thread model: posix]
  ignore line: [gcc version 7.3.1 20180425 [linaro-7.3-2018.05 revision d29120a424ecfbc167ef90065c0eeb7f91977701] (Linaro GCC 7.3-2018.05) ]
  ignore line: [COMPILER_PATH=/root/Tool/gcc-aarch64-linux-gnu-7.3/bin/../libexec/gcc/aarch64-linux-gnu/7.3.1/:/root/Tool/gcc-aarch64-linux-gnu-7.3/bin/../libexec/gcc/aarch64-linux-gnu/:/root/Tool/gcc-aarch64-linux-gnu-7.3/bin/../libexec/gcc/:/root/Tool/gcc-aarch64-linux-gnu-7.3/bin/../lib/gcc/aarch64-linux-gnu/7.3.1/../../../../aarch64-linux-gnu/bin/]
  ignore line: [LIBRARY_PATH=/root/Tool/gcc-aarch64-linux-gnu-7.3/bin/../lib/gcc/aarch64-linux-gnu/7.3.1/:/root/Tool/gcc-aarch64-linux-gnu-7.3/bin/../lib/gcc/aarch64-linux-gnu/:/root/Tool/gcc-aarch64-linux-gnu-7.3/bin/../lib/gcc/:/root/Tool/gcc-aarch64-linux-gnu-7.3/bin/../lib/gcc/aarch64-linux-gnu/7.3.1/../../../../aarch64-linux-gnu/lib/../lib64/:/root/Tool/gcc-aarch64-linux-gnu-7.3/bin/../lib/gcc/aarch64-linux-gnu/7.3.1/../../../../aarch64-linux-gnu/lib/:/root/Tool/gcc-aarch64-linux-gnu-7.3/bin/../aarch64-linux-gnu/libc/lib/:/root/Tool/gcc-aarch64-linux-gnu-7.3/bin/../aarch64-linux-gnu/libc/usr/lib/]
  ignore line: [COLLECT_GCC_OPTIONS='-v' '-o' 'cmTC_b83dc' '-shared-libgcc' '-march=armv8-a' '-mlittle-endian' '-mabi=lp64']
  link line: [ /root/Tool/gcc-aarch64-linux-gnu-7.3/bin/../libexec/gcc/aarch64-linux-gnu/7.3.1/collect2 -plugin /root/Tool/gcc-aarch64-linux-gnu-7.3/bin/../libexec/gcc/aarch64-linux-gnu/7.3.1/liblto_plugin.so -plugin-opt=/root/Tool/gcc-aarch64-linux-gnu-7.3/bin/../libexec/gcc/aarch64-linux-gnu/7.3.1/lto-wrapper -plugin-opt=-fresolution=/tmp/ccpbrigS.res -plugin-opt=-pass-through=-lgcc_s -plugin-opt=-pass-through=-lgcc -plugin-opt=-pass-through=-lc -plugin-opt=-pass-through=-lgcc_s -plugin-opt=-pass-through=-lgcc --sysroot=/root/Tool/gcc-aarch64-linux-gnu-7.3/bin/../aarch64-linux-gnu/libc --build-id --eh-frame-hdr -dynamic-linker /lib/ld-linux-aarch64.so.1 -X -EL -maarch64linux --fix-cortex-a53-835769 --fix-cortex-a53-843419 -o cmTC_b83dc /root/Tool/gcc-aarch64-linux-gnu-7.3/bin/../aarch64-linux-gnu/libc/usr/lib/crt1.o /root/Tool/gcc-aarch64-linux-gnu-7.3/bin/../aarch64-linux-gnu/libc/usr/lib/crti.o /root/Tool/gcc-aarch64-linux-gnu-7.3/bin/../lib/gcc/aarch64-linux-gnu/7.3.1/crtbegin.o -L/root/Tool/gcc-aarch64-linux-gnu-7.3/bin/../lib/gcc/aarch64-linux-gnu/7.3.1 -L/root/Tool/gcc-aarch64-linux-gnu-7.3/bin/../lib/gcc/aarch64-linux-gnu -L/root/Tool/gcc-aarch64-linux-gnu-7.3/bin/../lib/gcc -L/root/Tool/gcc-aarch64-linux-gnu-7.3/bin/../lib/gcc/aarch64-linux-gnu/7.3.1/../../../../aarch64-linux-gnu/lib/../lib64 -L/root/Tool/gcc-aarch64-linux-gnu-7.3/bin/../lib/gcc/aarch64-linux-gnu/7.3.1/../../../../aarch64-linux-gnu/lib -L/root/Tool/gcc-aarch64-linux-gnu-7.3/bin/../aarch64-linux-gnu/libc/lib -L/root/Tool/gcc-aarch64-linux-gnu-7.3/bin/../aarch64-linux-gnu/libc/usr/lib CMakeFiles/cmTC_b83dc.dir/CMakeCXXCompilerABI.cpp.o -lstdc++ -lm -lgcc_s -lgcc -lc -lgcc_s -lgcc /root/Tool/gcc-aarch64-linux-gnu-7.3/bin/../lib/gcc/aarch64-linux-gnu/7.3.1/crtend.o /root/Tool/gcc-aarch64-linux-gnu-7.3/bin/../aarch64-linux-gnu/libc/usr/lib/crtn.o]
    arg [/root/Tool/gcc-aarch64-linux-gnu-7.3/bin/../libexec/gcc/aarch64-linux-gnu/7.3.1/collect2] ==> ignore
    arg [-plugin] ==> ignore
    arg [/root/Tool/gcc-aarch64-linux-gnu-7.3/bin/../libexec/gcc/aarch64-linux-gnu/7.3.1/liblto_plugin.so] ==> ignore
    arg [-plugin-opt=/root/Tool/gcc-aarch64-linux-gnu-7.3/bin/../libexec/gcc/aarch64-linux-gnu/7.3.1/lto-wrapper] ==> ignore
    arg [-plugin-opt=-fresolution=/tmp/ccpbrigS.res] ==> ignore
    arg [-plugin-opt=-pass-through=-lgcc_s] ==> ignore
    arg [-plugin-opt=-pass-through=-lgcc] ==> ignore
    arg [-plugin-opt=-pass-through=-lc] ==> ignore
    arg [-plugin-opt=-pass-through=-lgcc_s] ==> ignore
    arg [-plugin-opt=-pass-through=-lgcc] ==> ignore
    arg [--sysroot=/root/Tool/gcc-aarch64-linux-gnu-7.3/bin/../aarch64-linux-gnu/libc] ==> ignore
    arg [--build-id] ==> ignore
    arg [--eh-frame-hdr] ==> ignore
    arg [-dynamic-linker] ==> ignore
    arg [/lib/ld-linux-aarch64.so.1] ==> ignore
    arg [-X] ==> ignore
    arg [-EL] ==> ignore
    arg [-maarch64linux] ==> ignore
    arg [--fix-cortex-a53-835769] ==> ignore
    arg [--fix-cortex-a53-843419] ==> ignore
    arg [-o] ==> ignore
    arg [cmTC_b83dc] ==> ignore
    arg [/root/Tool/gcc-aarch64-linux-gnu-7.3/bin/../aarch64-linux-gnu/libc/usr/lib/crt1.o] ==> obj [/root/Tool/gcc-aarch64-linux-gnu-7.3/bin/../aarch64-linux-gnu/libc/usr/lib/crt1.o]
    arg [/root/Tool/gcc-aarch64-linux-gnu-7.3/bin/../aarch64-linux-gnu/libc/usr/lib/crti.o] ==> obj [/root/Tool/gcc-aarch64-linux-gnu-7.3/bin/../aarch64-linux-gnu/libc/usr/lib/crti.o]
    arg [/root/Tool/gcc-aarch64-linux-gnu-7.3/bin/../lib/gcc/aarch64-linux-gnu/7.3.1/crtbegin.o] ==> obj [/root/Tool/gcc-aarch64-linux-gnu-7.3/bin/../lib/gcc/aarch64-linux-gnu/7.3.1/crtbegin.o]
    arg [-L/root/Tool/gcc-aarch64-linux-gnu-7.3/bin/../lib/gcc/aarch64-linux-gnu/7.3.1] ==> dir [/root/Tool/gcc-aarch64-linux-gnu-7.3/bin/../lib/gcc/aarch64-linux-gnu/7.3.1]
    arg [-L/root/Tool/gcc-aarch64-linux-gnu-7.3/bin/../lib/gcc/aarch64-linux-gnu] ==> dir [/root/Tool/gcc-aarch64-linux-gnu-7.3/bin/../lib/gcc/aarch64-linux-gnu]
    arg [-L/root/Tool/gcc-aarch64-linux-gnu-7.3/bin/../lib/gcc] ==> dir [/root/Tool/gcc-aarch64-linux-gnu-7.3/bin/../lib/gcc]
    arg [-L/root/Tool/gcc-aarch64-linux-gnu-7.3/bin/../lib/gcc/aarch64-linux-gnu/7.3.1/../../../../aarch64-linux-gnu/lib/../lib64] ==> dir [/root/Tool/gcc-aarch64-linux-gnu-7.3/bin/../lib/gcc/aarch64-linux-gnu/7.3.1/../../../../aarch64-linux-gnu/lib/../lib64]
    arg [-L/root/Tool/gcc-aarch64-linux-gnu-7.3/bin/../lib/gcc/aarch64-linux-gnu/7.3.1/../../../../aarch64-linux-gnu/lib] ==> dir [/root/Tool/gcc-aarch64-linux-gnu-7.3/bin/../lib/gcc/aarch64-linux-gnu/7.3.1/../../../../aarch64-linux-gnu/lib]
    arg [-L/root/Tool/gcc-aarch64-linux-gnu-7.3/bin/../aarch64-linux-gnu/libc/lib] ==> dir [/root/Tool/gcc-aarch64-linux-gnu-7.3/bin/../aarch64-linux-gnu/libc/lib]
    arg [-L/root/Tool/gcc-aarch64-linux-gnu-7.3/bin/../aarch64-linux-gnu/libc/usr/lib] ==> dir [/root/Tool/gcc-aarch64-linux-gnu-7.3/bin/../aarch64-linux-gnu/libc/usr/lib]
    arg [CMakeFiles/cmTC_b83dc.dir/CMakeCXXCompilerABI.cpp.o] ==> ignore
    arg [-lstdc++] ==> lib [stdc++]
    arg [-lm] ==> lib [m]
    arg [-lgcc_s] ==> lib [gcc_s]
    arg [-lgcc] ==> lib [gcc]
    arg [-lc] ==> lib [c]
    arg [-lgcc_s] ==> lib [gcc_s]
    arg [-lgcc] ==> lib [gcc]
    arg [/root/Tool/gcc-aarch64-linux-gnu-7.3/bin/../lib/gcc/aarch64-linux-gnu/7.3.1/crtend.o] ==> obj [/root/Tool/gcc-aarch64-linux-gnu-7.3/bin/../lib/gcc/aarch64-linux-gnu/7.3.1/crtend.o]
    arg [/root/Tool/gcc-aarch64-linux-gnu-7.3/bin/../aarch64-linux-gnu/libc/usr/lib/crtn.o] ==> obj [/root/Tool/gcc-aarch64-linux-gnu-7.3/bin/../aarch64-linux-gnu/libc/usr/lib/crtn.o]
  collapse obj [/root/Tool/gcc-aarch64-linux-gnu-7.3/bin/../aarch64-linux-gnu/libc/usr/lib/crt1.o] ==> [/root/Tool/gcc-aarch64-linux-gnu-7.3/aarch64-linux-gnu/libc/usr/lib/crt1.o]
  collapse obj [/root/Tool/gcc-aarch64-linux-gnu-7.3/bin/../aarch64-linux-gnu/libc/usr/lib/crti.o] ==> [/root/Tool/gcc-aarch64-linux-gnu-7.3/aarch64-linux-gnu/libc/usr/lib/crti.o]
  collapse obj [/root/Tool/gcc-aarch64-linux-gnu-7.3/bin/../lib/gcc/aarch64-linux-gnu/7.3.1/crtbegin.o] ==> [/root/Tool/gcc-aarch64-linux-gnu-7.3/lib/gcc/aarch64-linux-gnu/7.3.1/crtbegin.o]
  collapse obj [/root/Tool/gcc-aarch64-linux-gnu-7.3/bin/../lib/gcc/aarch64-linux-gnu/7.3.1/crtend.o] ==> [/root/Tool/gcc-aarch64-linux-gnu-7.3/lib/gcc/aarch64-linux-gnu/7.3.1/crtend.o]
  collapse obj [/root/Tool/gcc-aarch64-linux-gnu-7.3/bin/../aarch64-linux-gnu/libc/usr/lib/crtn.o] ==> [/root/Tool/gcc-aarch64-linux-gnu-7.3/aarch64-linux-gnu/libc/usr/lib/crtn.o]
  collapse library dir [/root/Tool/gcc-aarch64-linux-gnu-7.3/bin/../lib/gcc/aarch64-linux-gnu/7.3.1] ==> [/root/Tool/gcc-aarch64-linux-gnu-7.3/lib/gcc/aarch64-linux-gnu/7.3.1]
  collapse library dir [/root/Tool/gcc-aarch64-linux-gnu-7.3/bin/../lib/gcc/aarch64-linux-gnu] ==> [/root/Tool/gcc-aarch64-linux-gnu-7.3/lib/gcc/aarch64-linux-gnu]
  collapse library dir [/root/Tool/gcc-aarch64-linux-gnu-7.3/bin/../lib/gcc] ==> [/root/Tool/gcc-aarch64-linux-gnu-7.3/lib/gcc]
  collapse library dir [/root/Tool/gcc-aarch64-linux-gnu-7.3/bin/../lib/gcc/aarch64-linux-gnu/7.3.1/../../../../aarch64-linux-gnu/lib/../lib64] ==> [/root/Tool/gcc-aarch64-linux-gnu-7.3/aarch64-linux-gnu/lib64]
  collapse library dir [/root/Tool/gcc-aarch64-linux-gnu-7.3/bin/../lib/gcc/aarch64-linux-gnu/7.3.1/../../../../aarch64-linux-gnu/lib] ==> [/root/Tool/gcc-aarch64-linux-gnu-7.3/aarch64-linux-gnu/lib]
  collapse library dir [/root/Tool/gcc-aarch64-linux-gnu-7.3/bin/../aarch64-linux-gnu/libc/lib] ==> [/root/Tool/gcc-aarch64-linux-gnu-7.3/aarch64-linux-gnu/libc/lib]
  collapse library dir [/root/Tool/gcc-aarch64-linux-gnu-7.3/bin/../aarch64-linux-gnu/libc/usr/lib] ==> [/root/Tool/gcc-aarch64-linux-gnu-7.3/aarch64-linux-gnu/libc/usr/lib]
  implicit libs: [stdc++;m;gcc_s;gcc;c;gcc_s;gcc]
  implicit objs: [/root/Tool/gcc-aarch64-linux-gnu-7.3/aarch64-linux-gnu/libc/usr/lib/crt1.o;/root/Tool/gcc-aarch64-linux-gnu-7.3/aarch64-linux-gnu/libc/usr/lib/crti.o;/root/Tool/gcc-aarch64-linux-gnu-7.3/lib/gcc/aarch64-linux-gnu/7.3.1/crtbegin.o;/root/Tool/gcc-aarch64-linux-gnu-7.3/lib/gcc/aarch64-linux-gnu/7.3.1/crtend.o;/root/Tool/gcc-aarch64-linux-gnu-7.3/aarch64-linux-gnu/libc/usr/lib/crtn.o]
  implicit dirs: [/root/Tool/gcc-aarch64-linux-gnu-7.3/lib/gcc/aarch64-linux-gnu/7.3.1;/root/Tool/gcc-aarch64-linux-gnu-7.3/lib/gcc/aarch64-linux-gnu;/root/Tool/gcc-aarch64-linux-gnu-7.3/lib/gcc;/root/Tool/gcc-aarch64-linux-gnu-7.3/aarch64-linux-gnu/lib64;/root/Tool/gcc-aarch64-linux-gnu-7.3/aarch64-linux-gnu/lib;/root/Tool/gcc-aarch64-linux-gnu-7.3/aarch64-linux-gnu/libc/lib;/root/Tool/gcc-aarch64-linux-gnu-7.3/aarch64-linux-gnu/libc/usr/lib]
  implicit fwks: []


